{
  "0 debug pnpm:scope": {
    "selected": 1
  },
  "1 debug pnpm:package-manifest": {
    "initial": {},
    "prefix": "/home/thiccaxe/.local/share/pnpm/store/v3/tmp/dlx-15992"
  },
  "2 debug pnpm:context": {
    "currentLockfileExists": false,
    "storeDir": "/home/thiccaxe/.local/share/pnpm/store/v3",
    "virtualStoreDir": "/home/thiccaxe/.local/share/pnpm/store/v3/tmp/dlx-15992/node_modules/.pnpm"
  },
  "3 debug pnpm:stage": {
    "prefix": "/home/thiccaxe/.local/share/pnpm/store/v3/tmp/dlx-15992",
    "stage": "resolution_started"
  },
  "4 debug pnpm:_dependency_resolved": {
    "resolution": "registry.npmjs.org/create-astro/1.1.0",
    "wanted": {
      "dependentId": ".",
      "name": "create-astro",
      "rawSpec": "latest"
    }
  },
  "5 debug pnpm:progress": {
    "packageId": "registry.npmjs.org/create-astro/1.1.0",
    "requester": "/home/thiccaxe/.local/share/pnpm/store/v3/tmp/dlx-15992",
    "status": "resolved"
  },
  "6 debug pnpm:progress": {
    "packageId": "registry.npmjs.org/create-astro/1.1.0",
    "requester": "/home/thiccaxe/.local/share/pnpm/store/v3/tmp/dlx-15992",
    "status": "found_in_store"
  },
  "7 debug pnpm:_dependency_resolved": {
    "resolution": "registry.npmjs.org/chalk/5.1.2",
    "wanted": {
      "dependentId": "/create-astro/1.1.0",
      "name": "chalk",
      "rawSpec": "^5.0.1"
    }
  },
  "8 debug pnpm:progress": {
    "packageId": "registry.npmjs.org/chalk/5.1.2",
    "requester": "/home/thiccaxe/.local/share/pnpm/store/v3/tmp/dlx-15992",
    "status": "resolved"
  },
  "9 debug pnpm:progress": {
    "packageId": "registry.npmjs.org/chalk/5.1.2",
    "requester": "/home/thiccaxe/.local/share/pnpm/store/v3/tmp/dlx-15992",
    "status": "found_in_store"
  },
  "10 debug pnpm:_dependency_resolved": {
    "resolution": "registry.npmjs.org/execa/6.1.0",
    "wanted": {
      "dependentId": "/create-astro/1.1.0",
      "name": "execa",
      "rawSpec": "^6.1.0"
    }
  },
  "11 debug pnpm:progress": {
    "packageId": "registry.npmjs.org/execa/6.1.0",
    "requester": "/home/thiccaxe/.local/share/pnpm/store/v3/tmp/dlx-15992",
    "status": "resolved"
  },
  "12 debug pnpm:_dependency_resolved": {
    "resolution": "registry.npmjs.org/prompts/2.4.2",
    "wanted": {
      "dependentId": "/create-astro/1.1.0",
      "name": "prompts",
      "rawSpec": "^2.4.2"
    }
  },
  "13 debug pnpm:progress": {
    "packageId": "registry.npmjs.org/prompts/2.4.2",
    "requester": "/home/thiccaxe/.local/share/pnpm/store/v3/tmp/dlx-15992",
    "status": "resolved"
  },
  "14 debug pnpm:_dependency_resolved": {
    "resolution": "registry.npmjs.org/which-pm-runs/1.1.0",
    "wanted": {
      "dependentId": "/create-astro/1.1.0",
      "name": "which-pm-runs",
      "rawSpec": "^1.1.0"
    }
  },
  "15 debug pnpm:progress": {
    "packageId": "registry.npmjs.org/which-pm-runs/1.1.0",
    "requester": "/home/thiccaxe/.local/share/pnpm/store/v3/tmp/dlx-15992",
    "status": "resolved"
  },
  "16 debug pnpm:_dependency_resolved": {
    "resolution": "registry.npmjs.org/comment-json/4.2.3",
    "wanted": {
      "dependentId": "/create-astro/1.1.0",
      "name": "comment-json",
      "rawSpec": "^4.2.3"
    }
  },
  "17 debug pnpm:progress": {
    "packageId": "registry.npmjs.org/comment-json/4.2.3",
    "requester": "/home/thiccaxe/.local/share/pnpm/store/v3/tmp/dlx-15992",
    "status": "resolved"
  },
  "18 debug pnpm:_dependency_resolved": {
    "resolution": "registry.npmjs.org/degit/2.8.4",
    "wanted": {
      "dependentId": "/create-astro/1.1.0",
      "name": "degit",
      "rawSpec": "^2.8.4"
    }
  },
  "19 debug pnpm:progress": {
    "packageId": "registry.npmjs.org/degit/2.8.4",
    "requester": "/home/thiccaxe/.local/share/pnpm/store/v3/tmp/dlx-15992",
    "status": "resolved"
  },
  "20 debug pnpm:_dependency_resolved": {
    "resolution": "registry.npmjs.org/kleur/4.1.5",
    "wanted": {
      "dependentId": "/create-astro/1.1.0",
      "name": "kleur",
      "rawSpec": "^4.1.4"
    }
  },
  "21 debug pnpm:progress": {
    "packageId": "registry.npmjs.org/kleur/4.1.5",
    "requester": "/home/thiccaxe/.local/share/pnpm/store/v3/tmp/dlx-15992",
    "status": "resolved"
  },
  "22 debug pnpm:_dependency_resolved": {
    "resolution": "registry.npmjs.org/strip-ansi/7.0.1",
    "wanted": {
      "dependentId": "/create-astro/1.1.0",
      "name": "strip-ansi",
      "rawSpec": "^7.0.1"
    }
  },
  "23 debug pnpm:progress": {
    "packageId": "registry.npmjs.org/strip-ansi/7.0.1",
    "requester": "/home/thiccaxe/.local/share/pnpm/store/v3/tmp/dlx-15992",
    "status": "resolved"
  },
  "24 debug pnpm:_dependency_resolved": {
    "resolution": "registry.npmjs.org/yargs-parser/21.1.1",
    "wanted": {
      "dependentId": "/create-astro/1.1.0",
      "name": "yargs-parser",
      "rawSpec": "^21.0.1"
    }
  },
  "25 debug pnpm:progress": {
    "packageId": "registry.npmjs.org/yargs-parser/21.1.1",
    "requester": "/home/thiccaxe/.local/share/pnpm/store/v3/tmp/dlx-15992",
    "status": "resolved"
  },
  "26 debug pnpm:_dependency_resolved": {
    "resolution": "registry.npmjs.org/ora/6.1.2",
    "wanted": {
      "dependentId": "/create-astro/1.1.0",
      "name": "ora",
      "rawSpec": "^6.1.0"
    }
  },
  "27 debug pnpm:progress": {
    "packageId": "registry.npmjs.org/ora/6.1.2",
    "requester": "/home/thiccaxe/.local/share/pnpm/store/v3/tmp/dlx-15992",
    "status": "resolved"
  },
  "28 debug pnpm:_dependency_resolved": {
    "resolution": "registry.npmjs.org/kleur/3.0.3",
    "wanted": {
      "dependentId": "/prompts/2.4.2",
      "name": "kleur",
      "rawSpec": "^3.0.3"
    }
  },
  "29 debug pnpm:progress": {
    "packageId": "registry.npmjs.org/kleur/3.0.3",
    "requester": "/home/thiccaxe/.local/share/pnpm/store/v3/tmp/dlx-15992",
    "status": "resolved"
  },
  "30 debug pnpm:progress": {
    "packageId": "registry.npmjs.org/execa/6.1.0",
    "requester": "/home/thiccaxe/.local/share/pnpm/store/v3/tmp/dlx-15992",
    "status": "found_in_store"
  },
  "31 debug pnpm:progress": {
    "packageId": "registry.npmjs.org/prompts/2.4.2",
    "requester": "/home/thiccaxe/.local/share/pnpm/store/v3/tmp/dlx-15992",
    "status": "found_in_store"
  },
  "32 debug pnpm:progress": {
    "packageId": "registry.npmjs.org/which-pm-runs/1.1.0",
    "requester": "/home/thiccaxe/.local/share/pnpm/store/v3/tmp/dlx-15992",
    "status": "found_in_store"
  },
  "33 debug pnpm:progress": {
    "packageId": "registry.npmjs.org/comment-json/4.2.3",
    "requester": "/home/thiccaxe/.local/share/pnpm/store/v3/tmp/dlx-15992",
    "status": "found_in_store"
  },
  "34 debug pnpm:progress": {
    "packageId": "registry.npmjs.org/degit/2.8.4",
    "requester": "/home/thiccaxe/.local/share/pnpm/store/v3/tmp/dlx-15992",
    "status": "found_in_store"
  },
  "35 debug pnpm:progress": {
    "packageId": "registry.npmjs.org/kleur/4.1.5",
    "requester": "/home/thiccaxe/.local/share/pnpm/store/v3/tmp/dlx-15992",
    "status": "found_in_store"
  },
  "36 debug pnpm:progress": {
    "packageId": "registry.npmjs.org/strip-ansi/7.0.1",
    "requester": "/home/thiccaxe/.local/share/pnpm/store/v3/tmp/dlx-15992",
    "status": "found_in_store"
  },
  "37 debug pnpm:progress": {
    "packageId": "registry.npmjs.org/kleur/3.0.3",
    "requester": "/home/thiccaxe/.local/share/pnpm/store/v3/tmp/dlx-15992",
    "status": "found_in_store"
  },
  "38 debug pnpm:progress": {
    "packageId": "registry.npmjs.org/ora/6.1.2",
    "requester": "/home/thiccaxe/.local/share/pnpm/store/v3/tmp/dlx-15992",
    "status": "found_in_store"
  },
  "39 debug pnpm:progress": {
    "packageId": "registry.npmjs.org/yargs-parser/21.1.1",
    "requester": "/home/thiccaxe/.local/share/pnpm/store/v3/tmp/dlx-15992",
    "status": "found_in_store"
  },
  "40 debug pnpm:_dependency_resolved": {
    "resolution": "registry.npmjs.org/onetime/6.0.0",
    "wanted": {
      "dependentId": "/execa/6.1.0",
      "name": "onetime",
      "rawSpec": "^6.0.0"
    }
  },
  "41 debug pnpm:progress": {
    "packageId": "registry.npmjs.org/onetime/6.0.0",
    "requester": "/home/thiccaxe/.local/share/pnpm/store/v3/tmp/dlx-15992",
    "status": "resolved"
  },
  "42 debug pnpm:_dependency_resolved": {
    "resolution": "registry.npmjs.org/signal-exit/3.0.7",
    "wanted": {
      "dependentId": "/execa/6.1.0",
      "name": "signal-exit",
      "rawSpec": "^3.0.7"
    }
  },
  "43 debug pnpm:progress": {
    "packageId": "registry.npmjs.org/signal-exit/3.0.7",
    "requester": "/home/thiccaxe/.local/share/pnpm/store/v3/tmp/dlx-15992",
    "status": "resolved"
  },
  "44 debug pnpm:_dependency_resolved": {
    "resolution": "registry.npmjs.org/chalk/5.1.2",
    "wanted": {
      "dependentId": "/ora/6.1.2",
      "name": "chalk",
      "rawSpec": "^5.0.0"
    }
  },
  "45 debug pnpm:_dependency_resolved": {
    "resolution": "registry.npmjs.org/is-stream/3.0.0",
    "wanted": {
      "dependentId": "/execa/6.1.0",
      "name": "is-stream",
      "rawSpec": "^3.0.0"
    }
  },
  "46 debug pnpm:progress": {
    "packageId": "registry.npmjs.org/is-stream/3.0.0",
    "requester": "/home/thiccaxe/.local/share/pnpm/store/v3/tmp/dlx-15992",
    "status": "resolved"
  },
  "47 debug pnpm:_dependency_resolved": {
    "resolution": "registry.npmjs.org/strip-final-newline/3.0.0",
    "wanted": {
      "dependentId": "/execa/6.1.0",
      "name": "strip-final-newline",
      "rawSpec": "^3.0.0"
    }
  },
  "48 debug pnpm:progress": {
    "packageId": "registry.npmjs.org/strip-final-newline/3.0.0",
    "requester": "/home/thiccaxe/.local/share/pnpm/store/v3/tmp/dlx-15992",
    "status": "resolved"
  },
  "49 debug pnpm:_dependency_resolved": {
    "resolution": "registry.npmjs.org/merge-stream/2.0.0",
    "wanted": {
      "dependentId": "/execa/6.1.0",
      "name": "merge-stream",
      "rawSpec": "^2.0.0"
    }
  },
  "50 debug pnpm:progress": {
    "packageId": "registry.npmjs.org/merge-stream/2.0.0",
    "requester": "/home/thiccaxe/.local/share/pnpm/store/v3/tmp/dlx-15992",
    "status": "resolved"
  },
  "51 debug pnpm:_dependency_resolved": {
    "resolution": "registry.npmjs.org/cross-spawn/7.0.3",
    "wanted": {
      "dependentId": "/execa/6.1.0",
      "name": "cross-spawn",
      "rawSpec": "^7.0.3"
    }
  },
  "52 debug pnpm:progress": {
    "packageId": "registry.npmjs.org/cross-spawn/7.0.3",
    "requester": "/home/thiccaxe/.local/share/pnpm/store/v3/tmp/dlx-15992",
    "status": "resolved"
  },
  "53 debug pnpm:_dependency_resolved": {
    "resolution": "registry.npmjs.org/npm-run-path/5.1.0",
    "wanted": {
      "dependentId": "/execa/6.1.0",
      "name": "npm-run-path",
      "rawSpec": "^5.1.0"
    }
  },
  "54 debug pnpm:progress": {
    "packageId": "registry.npmjs.org/npm-run-path/5.1.0",
    "requester": "/home/thiccaxe/.local/share/pnpm/store/v3/tmp/dlx-15992",
    "status": "resolved"
  },
  "55 debug pnpm:_dependency_resolved": {
    "resolution": "registry.npmjs.org/strip-ansi/7.0.1",
    "wanted": {
      "dependentId": "/ora/6.1.2",
      "name": "strip-ansi",
      "rawSpec": "^7.0.1"
    }
  },
  "56 debug pnpm:_dependency_resolved": {
    "resolution": "registry.npmjs.org/sisteransi/1.0.5",
    "wanted": {
      "dependentId": "/prompts/2.4.2",
      "name": "sisteransi",
      "rawSpec": "^1.0.5"
    }
  },
  "57 debug pnpm:progress": {
    "packageId": "registry.npmjs.org/sisteransi/1.0.5",
    "requester": "/home/thiccaxe/.local/share/pnpm/store/v3/tmp/dlx-15992",
    "status": "resolved"
  },
  "58 debug pnpm:_dependency_resolved": {
    "resolution": "registry.npmjs.org/human-signals/3.0.1",
    "wanted": {
      "dependentId": "/execa/6.1.0",
      "name": "human-signals",
      "rawSpec": "^3.0.1"
    }
  },
  "59 debug pnpm:progress": {
    "packageId": "registry.npmjs.org/human-signals/3.0.1",
    "requester": "/home/thiccaxe/.local/share/pnpm/store/v3/tmp/dlx-15992",
    "status": "resolved"
  },
  "60 debug pnpm:_dependency_resolved": {
    "resolution": "registry.npmjs.org/get-stream/6.0.1",
    "wanted": {
      "dependentId": "/execa/6.1.0",
      "name": "get-stream",
      "rawSpec": "^6.0.1"
    }
  },
  "61 debug pnpm:progress": {
    "packageId": "registry.npmjs.org/get-stream/6.0.1",
    "requester": "/home/thiccaxe/.local/share/pnpm/store/v3/tmp/dlx-15992",
    "status": "resolved"
  },
  "62 debug pnpm:_dependency_resolved": {
    "resolution": "registry.npmjs.org/array-timsort/1.0.3",
    "wanted": {
      "dependentId": "/comment-json/4.2.3",
      "name": "array-timsort",
      "rawSpec": "^1.0.3"
    }
  },
  "63 debug pnpm:progress": {
    "packageId": "registry.npmjs.org/array-timsort/1.0.3",
    "requester": "/home/thiccaxe/.local/share/pnpm/store/v3/tmp/dlx-15992",
    "status": "resolved"
  },
  "64 debug pnpm:progress": {
    "packageId": "registry.npmjs.org/onetime/6.0.0",
    "requester": "/home/thiccaxe/.local/share/pnpm/store/v3/tmp/dlx-15992",
    "status": "found_in_store"
  },
  "65 debug pnpm:progress": {
    "packageId": "registry.npmjs.org/signal-exit/3.0.7",
    "requester": "/home/thiccaxe/.local/share/pnpm/store/v3/tmp/dlx-15992",
    "status": "found_in_store"
  },
  "66 debug pnpm:progress": {
    "packageId": "registry.npmjs.org/strip-final-newline/3.0.0",
    "requester": "/home/thiccaxe/.local/share/pnpm/store/v3/tmp/dlx-15992",
    "status": "found_in_store"
  },
  "67 debug pnpm:progress": {
    "packageId": "registry.npmjs.org/is-stream/3.0.0",
    "requester": "/home/thiccaxe/.local/share/pnpm/store/v3/tmp/dlx-15992",
    "status": "found_in_store"
  },
  "68 debug pnpm:progress": {
    "packageId": "registry.npmjs.org/merge-stream/2.0.0",
    "requester": "/home/thiccaxe/.local/share/pnpm/store/v3/tmp/dlx-15992",
    "status": "found_in_store"
  },
  "69 debug pnpm:progress": {
    "packageId": "registry.npmjs.org/cross-spawn/7.0.3",
    "requester": "/home/thiccaxe/.local/share/pnpm/store/v3/tmp/dlx-15992",
    "status": "found_in_store"
  },
  "70 debug pnpm:progress": {
    "packageId": "registry.npmjs.org/sisteransi/1.0.5",
    "requester": "/home/thiccaxe/.local/share/pnpm/store/v3/tmp/dlx-15992",
    "status": "found_in_store"
  },
  "71 debug pnpm:progress": {
    "packageId": "registry.npmjs.org/npm-run-path/5.1.0",
    "requester": "/home/thiccaxe/.local/share/pnpm/store/v3/tmp/dlx-15992",
    "status": "found_in_store"
  },
  "72 debug pnpm:progress": {
    "packageId": "registry.npmjs.org/get-stream/6.0.1",
    "requester": "/home/thiccaxe/.local/share/pnpm/store/v3/tmp/dlx-15992",
    "status": "found_in_store"
  },
  "73 debug pnpm:progress": {
    "packageId": "registry.npmjs.org/human-signals/3.0.1",
    "requester": "/home/thiccaxe/.local/share/pnpm/store/v3/tmp/dlx-15992",
    "status": "found_in_store"
  },
  "74 debug pnpm:progress": {
    "packageId": "registry.npmjs.org/array-timsort/1.0.3",
    "requester": "/home/thiccaxe/.local/share/pnpm/store/v3/tmp/dlx-15992",
    "status": "found_in_store"
  },
  "75 debug pnpm:_dependency_resolved": {
    "resolution": "registry.npmjs.org/bl/5.1.0",
    "wanted": {
      "dependentId": "/ora/6.1.2",
      "name": "bl",
      "rawSpec": "^5.0.0"
    }
  },
  "76 debug pnpm:progress": {
    "packageId": "registry.npmjs.org/bl/5.1.0",
    "requester": "/home/thiccaxe/.local/share/pnpm/store/v3/tmp/dlx-15992",
    "status": "resolved"
  },
  "77 debug pnpm:_dependency_resolved": {
    "resolution": "registry.npmjs.org/cli-cursor/4.0.0",
    "wanted": {
      "dependentId": "/ora/6.1.2",
      "name": "cli-cursor",
      "rawSpec": "^4.0.0"
    }
  },
  "78 debug pnpm:progress": {
    "packageId": "registry.npmjs.org/cli-cursor/4.0.0",
    "requester": "/home/thiccaxe/.local/share/pnpm/store/v3/tmp/dlx-15992",
    "status": "resolved"
  },
  "79 debug pnpm:progress": {
    "packageId": "registry.npmjs.org/cli-cursor/4.0.0",
    "requester": "/home/thiccaxe/.local/share/pnpm/store/v3/tmp/dlx-15992",
    "status": "found_in_store"
  },
  "80 debug pnpm:_dependency_resolved": {
    "resolution": "registry.npmjs.org/cli-spinners/2.7.0",
    "wanted": {
      "dependentId": "/ora/6.1.2",
      "name": "cli-spinners",
      "rawSpec": "^2.6.1"
    }
  },
  "81 debug pnpm:progress": {
    "packageId": "registry.npmjs.org/cli-spinners/2.7.0",
    "requester": "/home/thiccaxe/.local/share/pnpm/store/v3/tmp/dlx-15992",
    "status": "resolved"
  },
  "82 debug pnpm:_dependency_resolved": {
    "resolution": "registry.npmjs.org/core-util-is/1.0.3",
    "wanted": {
      "dependentId": "/comment-json/4.2.3",
      "name": "core-util-is",
      "rawSpec": "^1.0.3"
    }
  },
  "83 debug pnpm:progress": {
    "packageId": "registry.npmjs.org/core-util-is/1.0.3",
    "requester": "/home/thiccaxe/.local/share/pnpm/store/v3/tmp/dlx-15992",
    "status": "resolved"
  },
  "84 debug pnpm:_dependency_resolved": {
    "resolution": "registry.npmjs.org/is-interactive/2.0.0",
    "wanted": {
      "dependentId": "/ora/6.1.2",
      "name": "is-interactive",
      "rawSpec": "^2.0.0"
    }
  },
  "85 debug pnpm:progress": {
    "packageId": "registry.npmjs.org/is-interactive/2.0.0",
    "requester": "/home/thiccaxe/.local/share/pnpm/store/v3/tmp/dlx-15992",
    "status": "resolved"
  },
  "86 debug pnpm:_dependency_resolved": {
    "resolution": "registry.npmjs.org/esprima/4.0.1",
    "wanted": {
      "dependentId": "/comment-json/4.2.3",
      "name": "esprima",
      "rawSpec": "^4.0.1"
    }
  },
  "87 debug pnpm:progress": {
    "packageId": "registry.npmjs.org/esprima/4.0.1",
    "requester": "/home/thiccaxe/.local/share/pnpm/store/v3/tmp/dlx-15992",
    "status": "resolved"
  },
  "88 debug pnpm:_dependency_resolved": {
    "resolution": "registry.npmjs.org/ansi-regex/6.0.1",
    "wanted": {
      "dependentId": "/strip-ansi/7.0.1",
      "name": "ansi-regex",
      "rawSpec": "^6.0.1"
    }
  },
  "89 debug pnpm:progress": {
    "packageId": "registry.npmjs.org/ansi-regex/6.0.1",
    "requester": "/home/thiccaxe/.local/share/pnpm/store/v3/tmp/dlx-15992",
    "status": "resolved"
  },
  "90 debug pnpm:_dependency_resolved": {
    "resolution": "registry.npmjs.org/wcwidth/1.0.1",
    "wanted": {
      "dependentId": "/ora/6.1.2",
      "name": "wcwidth",
      "rawSpec": "^1.0.1"
    }
  },
  "91 debug pnpm:progress": {
    "packageId": "registry.npmjs.org/wcwidth/1.0.1",
    "requester": "/home/thiccaxe/.local/share/pnpm/store/v3/tmp/dlx-15992",
    "status": "resolved"
  },
  "92 debug pnpm:_dependency_resolved": {
    "resolution": "registry.npmjs.org/mimic-fn/4.0.0",
    "wanted": {
      "dependentId": "/onetime/6.0.0",
      "name": "mimic-fn",
      "rawSpec": "^4.0.0"
    }
  },
  "93 debug pnpm:progress": {
    "packageId": "registry.npmjs.org/mimic-fn/4.0.0",
    "requester": "/home/thiccaxe/.local/share/pnpm/store/v3/tmp/dlx-15992",
    "status": "resolved"
  },
  "94 debug pnpm:_dependency_resolved": {
    "resolution": "registry.npmjs.org/path-key/3.1.1",
    "wanted": {
      "dependentId": "/cross-spawn/7.0.3",
      "name": "path-key",
      "rawSpec": "^3.1.0"
    }
  },
  "95 debug pnpm:_dependency_resolved": {
    "resolution": "registry.npmjs.org/path-key/4.0.0",
    "wanted": {
      "dependentId": "/npm-run-path/5.1.0",
      "name": "path-key",
      "rawSpec": "^4.0.0"
    }
  },
  "96 debug pnpm:progress": {
    "packageId": "registry.npmjs.org/path-key/3.1.1",
    "requester": "/home/thiccaxe/.local/share/pnpm/store/v3/tmp/dlx-15992",
    "status": "resolved"
  },
  "97 debug pnpm:progress": {
    "packageId": "registry.npmjs.org/path-key/4.0.0",
    "requester": "/home/thiccaxe/.local/share/pnpm/store/v3/tmp/dlx-15992",
    "status": "resolved"
  },
  "98 debug pnpm:_dependency_resolved": {
    "resolution": "registry.npmjs.org/has-own-prop/2.0.0",
    "wanted": {
      "dependentId": "/comment-json/4.2.3",
      "name": "has-own-prop",
      "rawSpec": "^2.0.0"
    }
  },
  "99 debug pnpm:progress": {
    "packageId": "registry.npmjs.org/has-own-prop/2.0.0",
    "requester": "/home/thiccaxe/.local/share/pnpm/store/v3/tmp/dlx-15992",
    "status": "resolved"
  },
  "100 debug pnpm:_dependency_resolved": {
    "resolution": "registry.npmjs.org/shebang-command/2.0.0",
    "wanted": {
      "dependentId": "/cross-spawn/7.0.3",
      "name": "shebang-command",
      "rawSpec": "^2.0.0"
    }
  },
  "101 debug pnpm:progress": {
    "packageId": "registry.npmjs.org/shebang-command/2.0.0",
    "requester": "/home/thiccaxe/.local/share/pnpm/store/v3/tmp/dlx-15992",
    "status": "resolved"
  },
  "102 debug pnpm:_dependency_resolved": {
    "resolution": "registry.npmjs.org/log-symbols/5.1.0",
    "wanted": {
      "dependentId": "/ora/6.1.2",
      "name": "log-symbols",
      "rawSpec": "^5.1.0"
    }
  },
  "103 debug pnpm:progress": {
    "packageId": "registry.npmjs.org/log-symbols/5.1.0",
    "requester": "/home/thiccaxe/.local/share/pnpm/store/v3/tmp/dlx-15992",
    "status": "resolved"
  },
  "104 debug pnpm:_dependency_resolved": {
    "resolution": "registry.npmjs.org/repeat-string/1.6.1",
    "wanted": {
      "dependentId": "/comment-json/4.2.3",
      "name": "repeat-string",
      "rawSpec": "^1.6.1"
    }
  },
  "105 debug pnpm:progress": {
    "packageId": "registry.npmjs.org/repeat-string/1.6.1",
    "requester": "/home/thiccaxe/.local/share/pnpm/store/v3/tmp/dlx-15992",
    "status": "resolved"
  },
  "106 debug pnpm:_dependency_resolved": {
    "resolution": "registry.npmjs.org/is-unicode-supported/1.3.0",
    "wanted": {
      "dependentId": "/ora/6.1.2",
      "name": "is-unicode-supported",
      "rawSpec": "^1.1.0"
    }
  },
  "107 debug pnpm:progress": {
    "packageId": "registry.npmjs.org/is-unicode-supported/1.3.0",
    "requester": "/home/thiccaxe/.local/share/pnpm/store/v3/tmp/dlx-15992",
    "status": "resolved"
  },
  "108 debug pnpm:_dependency_resolved": {
    "resolution": "registry.npmjs.org/chalk/5.1.2",
    "wanted": {
      "dependentId": "/log-symbols/5.1.0",
      "name": "chalk",
      "rawSpec": "^5.0.0"
    }
  },
  "109 debug pnpm:_dependency_resolved": {
    "resolution": "registry.npmjs.org/is-unicode-supported/1.3.0",
    "wanted": {
      "dependentId": "/log-symbols/5.1.0",
      "name": "is-unicode-supported",
      "rawSpec": "^1.1.0"
    }
  },
  "110 debug pnpm:_dependency_resolved": {
    "resolution": "registry.npmjs.org/which/2.0.2",
    "wanted": {
      "dependentId": "/cross-spawn/7.0.3",
      "name": "which",
      "rawSpec": "^2.0.1"
    }
  },
  "111 debug pnpm:progress": {
    "packageId": "registry.npmjs.org/which/2.0.2",
    "requester": "/home/thiccaxe/.local/share/pnpm/store/v3/tmp/dlx-15992",
    "status": "resolved"
  },
  "112 debug pnpm:fetching-progress": {
    "attempt": 1,
    "packageId": "registry.npmjs.org/bl/5.1.0",
    "size": 17755,
    "status": "started"
  },
  "113 debug pnpm:progress": {
    "packageId": "registry.npmjs.org/cli-spinners/2.7.0",
    "requester": "/home/thiccaxe/.local/share/pnpm/store/v3/tmp/dlx-15992",
    "status": "found_in_store"
  },
  "114 debug pnpm:progress": {
    "packageId": "registry.npmjs.org/core-util-is/1.0.3",
    "requester": "/home/thiccaxe/.local/share/pnpm/store/v3/tmp/dlx-15992",
    "status": "found_in_store"
  },
  "115 debug pnpm:progress": {
    "packageId": "registry.npmjs.org/is-interactive/2.0.0",
    "requester": "/home/thiccaxe/.local/share/pnpm/store/v3/tmp/dlx-15992",
    "status": "found_in_store"
  },
  "116 debug pnpm:progress": {
    "packageId": "registry.npmjs.org/esprima/4.0.1",
    "requester": "/home/thiccaxe/.local/share/pnpm/store/v3/tmp/dlx-15992",
    "status": "found_in_store"
  },
  "117 debug pnpm:progress": {
    "packageId": "registry.npmjs.org/ansi-regex/6.0.1",
    "requester": "/home/thiccaxe/.local/share/pnpm/store/v3/tmp/dlx-15992",
    "status": "found_in_store"
  },
  "118 debug pnpm:progress": {
    "packageId": "registry.npmjs.org/wcwidth/1.0.1",
    "requester": "/home/thiccaxe/.local/share/pnpm/store/v3/tmp/dlx-15992",
    "status": "found_in_store"
  },
  "119 debug pnpm:progress": {
    "packageId": "registry.npmjs.org/mimic-fn/4.0.0",
    "requester": "/home/thiccaxe/.local/share/pnpm/store/v3/tmp/dlx-15992",
    "status": "found_in_store"
  },
  "120 debug pnpm:progress": {
    "packageId": "registry.npmjs.org/path-key/4.0.0",
    "requester": "/home/thiccaxe/.local/share/pnpm/store/v3/tmp/dlx-15992",
    "status": "found_in_store"
  },
  "121 debug pnpm:progress": {
    "packageId": "registry.npmjs.org/path-key/3.1.1",
    "requester": "/home/thiccaxe/.local/share/pnpm/store/v3/tmp/dlx-15992",
    "status": "found_in_store"
  },
  "122 debug pnpm:progress": {
    "packageId": "registry.npmjs.org/repeat-string/1.6.1",
    "requester": "/home/thiccaxe/.local/share/pnpm/store/v3/tmp/dlx-15992",
    "status": "found_in_store"
  },
  "123 debug pnpm:progress": {
    "packageId": "registry.npmjs.org/shebang-command/2.0.0",
    "requester": "/home/thiccaxe/.local/share/pnpm/store/v3/tmp/dlx-15992",
    "status": "found_in_store"
  },
  "124 debug pnpm:progress": {
    "packageId": "registry.npmjs.org/has-own-prop/2.0.0",
    "requester": "/home/thiccaxe/.local/share/pnpm/store/v3/tmp/dlx-15992",
    "status": "found_in_store"
  },
  "125 debug pnpm:_dependency_resolved": {
    "resolution": "registry.npmjs.org/shebang-regex/3.0.0",
    "wanted": {
      "dependentId": "/shebang-command/2.0.0",
      "name": "shebang-regex",
      "rawSpec": "^3.0.0"
    }
  },
  "126 debug pnpm:progress": {
    "packageId": "registry.npmjs.org/shebang-regex/3.0.0",
    "requester": "/home/thiccaxe/.local/share/pnpm/store/v3/tmp/dlx-15992",
    "status": "resolved"
  },
  "127 debug pnpm:progress": {
    "packageId": "registry.npmjs.org/log-symbols/5.1.0",
    "requester": "/home/thiccaxe/.local/share/pnpm/store/v3/tmp/dlx-15992",
    "status": "found_in_store"
  },
  "128 debug pnpm:progress": {
    "packageId": "registry.npmjs.org/is-unicode-supported/1.3.0",
    "requester": "/home/thiccaxe/.local/share/pnpm/store/v3/tmp/dlx-15992",
    "status": "found_in_store"
  },
  "129 debug pnpm:progress": {
    "packageId": "registry.npmjs.org/which/2.0.2",
    "requester": "/home/thiccaxe/.local/share/pnpm/store/v3/tmp/dlx-15992",
    "status": "found_in_store"
  },
  "130 debug pnpm:_dependency_resolved": {
    "resolution": "registry.npmjs.org/isexe/2.0.0",
    "wanted": {
      "dependentId": "/which/2.0.2",
      "name": "isexe",
      "rawSpec": "^2.0.0"
    }
  },
  "131 debug pnpm:progress": {
    "packageId": "registry.npmjs.org/isexe/2.0.0",
    "requester": "/home/thiccaxe/.local/share/pnpm/store/v3/tmp/dlx-15992",
    "status": "resolved"
  },
  "132 debug pnpm:progress": {
    "packageId": "registry.npmjs.org/shebang-regex/3.0.0",
    "requester": "/home/thiccaxe/.local/share/pnpm/store/v3/tmp/dlx-15992",
    "status": "found_in_store"
  },
  "133 debug pnpm:_dependency_resolved": {
    "resolution": "registry.npmjs.org/readable-stream/3.6.0",
    "wanted": {
      "dependentId": "/bl/5.1.0",
      "name": "readable-stream",
      "rawSpec": "^3.4.0"
    }
  },
  "134 debug pnpm:progress": {
    "packageId": "registry.npmjs.org/readable-stream/3.6.0",
    "requester": "/home/thiccaxe/.local/share/pnpm/store/v3/tmp/dlx-15992",
    "status": "resolved"
  },
  "135 debug pnpm:_dependency_resolved": {
    "resolution": "registry.npmjs.org/inherits/2.0.4",
    "wanted": {
      "dependentId": "/bl/5.1.0",
      "name": "inherits",
      "rawSpec": "^2.0.4"
    }
  },
  "136 debug pnpm:progress": {
    "packageId": "registry.npmjs.org/inherits/2.0.4",
    "requester": "/home/thiccaxe/.local/share/pnpm/store/v3/tmp/dlx-15992",
    "status": "resolved"
  },
  "137 debug pnpm:progress": {
    "packageId": "registry.npmjs.org/isexe/2.0.0",
    "requester": "/home/thiccaxe/.local/share/pnpm/store/v3/tmp/dlx-15992",
    "status": "found_in_store"
  },
  "138 debug pnpm:progress": {
    "packageId": "registry.npmjs.org/bl/5.1.0",
    "requester": "/home/thiccaxe/.local/share/pnpm/store/v3/tmp/dlx-15992",
    "status": "fetched"
  },
  "139 debug pnpm:_dependency_resolved": {
    "resolution": "registry.npmjs.org/defaults/1.0.4",
    "wanted": {
      "dependentId": "/wcwidth/1.0.1",
      "name": "defaults",
      "rawSpec": "^1.0.3"
    }
  },
  "140 debug pnpm:progress": {
    "packageId": "registry.npmjs.org/defaults/1.0.4",
    "requester": "/home/thiccaxe/.local/share/pnpm/store/v3/tmp/dlx-15992",
    "status": "resolved"
  },
  "141 debug pnpm:progress": {
    "packageId": "registry.npmjs.org/inherits/2.0.4",
    "requester": "/home/thiccaxe/.local/share/pnpm/store/v3/tmp/dlx-15992",
    "status": "found_in_store"
  },
  "142 debug pnpm:progress": {
    "packageId": "registry.npmjs.org/readable-stream/3.6.0",
    "requester": "/home/thiccaxe/.local/share/pnpm/store/v3/tmp/dlx-15992",
    "status": "found_in_store"
  },
  "143 debug pnpm:progress": {
    "packageId": "registry.npmjs.org/defaults/1.0.4",
    "requester": "/home/thiccaxe/.local/share/pnpm/store/v3/tmp/dlx-15992",
    "status": "found_in_store"
  },
  "144 debug pnpm:_dependency_resolved": {
    "resolution": "registry.npmjs.org/restore-cursor/4.0.0",
    "wanted": {
      "dependentId": "/cli-cursor/4.0.0",
      "name": "restore-cursor",
      "rawSpec": "^4.0.0"
    }
  },
  "145 debug pnpm:progress": {
    "packageId": "registry.npmjs.org/restore-cursor/4.0.0",
    "requester": "/home/thiccaxe/.local/share/pnpm/store/v3/tmp/dlx-15992",
    "status": "resolved"
  },
  "146 debug pnpm:_dependency_resolved": {
    "resolution": "registry.npmjs.org/onetime/5.1.2",
    "wanted": {
      "dependentId": "/restore-cursor/4.0.0",
      "name": "onetime",
      "rawSpec": "^5.1.0"
    }
  },
  "147 debug pnpm:_dependency_resolved": {
    "resolution": "registry.npmjs.org/signal-exit/3.0.7",
    "wanted": {
      "dependentId": "/restore-cursor/4.0.0",
      "name": "signal-exit",
      "rawSpec": "^3.0.2"
    }
  },
  "148 debug pnpm:progress": {
    "packageId": "registry.npmjs.org/onetime/5.1.2",
    "requester": "/home/thiccaxe/.local/share/pnpm/store/v3/tmp/dlx-15992",
    "status": "resolved"
  },
  "149 debug pnpm:_dependency_resolved": {
    "resolution": "registry.npmjs.org/mimic-fn/2.1.0",
    "wanted": {
      "dependentId": "/onetime/5.1.2",
      "name": "mimic-fn",
      "rawSpec": "^2.1.0"
    }
  },
  "150 debug pnpm:progress": {
    "packageId": "registry.npmjs.org/mimic-fn/2.1.0",
    "requester": "/home/thiccaxe/.local/share/pnpm/store/v3/tmp/dlx-15992",
    "status": "resolved"
  },
  "151 debug pnpm:_dependency_resolved": {
    "resolution": "registry.npmjs.org/buffer/6.0.3",
    "wanted": {
      "dependentId": "/bl/5.1.0",
      "name": "buffer",
      "rawSpec": "^6.0.3"
    }
  },
  "152 debug pnpm:progress": {
    "packageId": "registry.npmjs.org/buffer/6.0.3",
    "requester": "/home/thiccaxe/.local/share/pnpm/store/v3/tmp/dlx-15992",
    "status": "resolved"
  },
  "153 debug pnpm:_dependency_resolved": {
    "resolution": "registry.npmjs.org/inherits/2.0.4",
    "wanted": {
      "dependentId": "/readable-stream/3.6.0",
      "name": "inherits",
      "rawSpec": "^2.0.3"
    }
  },
  "154 debug pnpm:progress": {
    "packageId": "registry.npmjs.org/onetime/5.1.2",
    "requester": "/home/thiccaxe/.local/share/pnpm/store/v3/tmp/dlx-15992",
    "status": "found_in_store"
  },
  "155 debug pnpm:progress": {
    "packageId": "registry.npmjs.org/restore-cursor/4.0.0",
    "requester": "/home/thiccaxe/.local/share/pnpm/store/v3/tmp/dlx-15992",
    "status": "found_in_store"
  },
  "156 debug pnpm:progress": {
    "packageId": "registry.npmjs.org/mimic-fn/2.1.0",
    "requester": "/home/thiccaxe/.local/share/pnpm/store/v3/tmp/dlx-15992",
    "status": "found_in_store"
  },
  "157 debug pnpm:progress": {
    "packageId": "registry.npmjs.org/buffer/6.0.3",
    "requester": "/home/thiccaxe/.local/share/pnpm/store/v3/tmp/dlx-15992",
    "status": "found_in_store"
  },
  "158 debug pnpm:_dependency_resolved": {
    "resolution": "registry.npmjs.org/base64-js/1.5.1",
    "wanted": {
      "dependentId": "/buffer/6.0.3",
      "name": "base64-js",
      "rawSpec": "^1.3.1"
    }
  },
  "159 debug pnpm:progress": {
    "packageId": "registry.npmjs.org/base64-js/1.5.1",
    "requester": "/home/thiccaxe/.local/share/pnpm/store/v3/tmp/dlx-15992",
    "status": "resolved"
  },
  "160 debug pnpm:_dependency_resolved": {
    "resolution": "registry.npmjs.org/string_decoder/1.3.0",
    "wanted": {
      "dependentId": "/readable-stream/3.6.0",
      "name": "string_decoder",
      "rawSpec": "^1.1.1"
    }
  },
  "161 debug pnpm:progress": {
    "packageId": "registry.npmjs.org/string_decoder/1.3.0",
    "requester": "/home/thiccaxe/.local/share/pnpm/store/v3/tmp/dlx-15992",
    "status": "resolved"
  },
  "162 debug pnpm:_dependency_resolved": {
    "resolution": "registry.npmjs.org/util-deprecate/1.0.2",
    "wanted": {
      "dependentId": "/readable-stream/3.6.0",
      "name": "util-deprecate",
      "rawSpec": "^1.0.1"
    }
  },
  "163 debug pnpm:progress": {
    "packageId": "registry.npmjs.org/util-deprecate/1.0.2",
    "requester": "/home/thiccaxe/.local/share/pnpm/store/v3/tmp/dlx-15992",
    "status": "resolved"
  },
  "164 debug pnpm:_dependency_resolved": {
    "resolution": "registry.npmjs.org/ieee754/1.2.1",
    "wanted": {
      "dependentId": "/buffer/6.0.3",
      "name": "ieee754",
      "rawSpec": "^1.2.1"
    }
  },
  "165 debug pnpm:progress": {
    "packageId": "registry.npmjs.org/ieee754/1.2.1",
    "requester": "/home/thiccaxe/.local/share/pnpm/store/v3/tmp/dlx-15992",
    "status": "resolved"
  },
  "166 debug pnpm:progress": {
    "packageId": "registry.npmjs.org/base64-js/1.5.1",
    "requester": "/home/thiccaxe/.local/share/pnpm/store/v3/tmp/dlx-15992",
    "status": "found_in_store"
  },
  "167 debug pnpm:progress": {
    "packageId": "registry.npmjs.org/string_decoder/1.3.0",
    "requester": "/home/thiccaxe/.local/share/pnpm/store/v3/tmp/dlx-15992",
    "status": "found_in_store"
  },
  "168 debug pnpm:progress": {
    "packageId": "registry.npmjs.org/util-deprecate/1.0.2",
    "requester": "/home/thiccaxe/.local/share/pnpm/store/v3/tmp/dlx-15992",
    "status": "found_in_store"
  },
  "169 debug pnpm:progress": {
    "packageId": "registry.npmjs.org/ieee754/1.2.1",
    "requester": "/home/thiccaxe/.local/share/pnpm/store/v3/tmp/dlx-15992",
    "status": "found_in_store"
  },
  "170 debug pnpm:_dependency_resolved": {
    "resolution": "registry.npmjs.org/clone/1.0.4",
    "wanted": {
      "dependentId": "/defaults/1.0.4",
      "name": "clone",
      "rawSpec": "^1.0.2"
    }
  },
  "171 debug pnpm:progress": {
    "packageId": "registry.npmjs.org/clone/1.0.4",
    "requester": "/home/thiccaxe/.local/share/pnpm/store/v3/tmp/dlx-15992",
    "status": "resolved"
  },
  "172 debug pnpm:_dependency_resolved": {
    "resolution": "registry.npmjs.org/safe-buffer/5.2.1",
    "wanted": {
      "dependentId": "/string_decoder/1.3.0",
      "name": "safe-buffer",
      "rawSpec": "~5.2.0"
    }
  },
  "173 debug pnpm:progress": {
    "packageId": "registry.npmjs.org/safe-buffer/5.2.1",
    "requester": "/home/thiccaxe/.local/share/pnpm/store/v3/tmp/dlx-15992",
    "status": "resolved"
  },
  "174 debug pnpm:package-manifest": {
    "prefix": "/home/thiccaxe/.local/share/pnpm/store/v3/tmp/dlx-15992",
    "updated": {
      "dependencies": {
        "create-astro": "^1.1.0"
      }
    }
  },
  "175 debug pnpm:package-manifest": {
    "prefix": "/home/thiccaxe/.local/share/pnpm/store/v3/tmp/dlx-15992",
    "updated": {
      "dependencies": {
        "create-astro": "^1.1.0"
      }
    }
  },
  "176 debug pnpm:stage": {
    "prefix": "/home/thiccaxe/.local/share/pnpm/store/v3/tmp/dlx-15992",
    "stage": "resolution_done"
  },
  "177 debug pnpm:stats": {
    "prefix": "/home/thiccaxe/.local/share/pnpm/store/v3/tmp/dlx-15992",
    "removed": 0
  },
  "178 debug pnpm:stage": {
    "prefix": "/home/thiccaxe/.local/share/pnpm/store/v3/tmp/dlx-15992",
    "stage": "importing_started"
  },
  "179 debug pnpm:stats": {
    "added": 55,
    "prefix": "/home/thiccaxe/.local/share/pnpm/store/v3/tmp/dlx-15992"
  },
  "180 debug pnpm:progress": {
    "packageId": "registry.npmjs.org/clone/1.0.4",
    "requester": "/home/thiccaxe/.local/share/pnpm/store/v3/tmp/dlx-15992",
    "status": "found_in_store"
  },
  "181 debug pnpm:progress": {
    "packageId": "registry.npmjs.org/safe-buffer/5.2.1",
    "requester": "/home/thiccaxe/.local/share/pnpm/store/v3/tmp/dlx-15992",
    "status": "found_in_store"
  },
  "182 debug pnpm:link": {
    "target": "/home/thiccaxe/.local/share/pnpm/store/v3/tmp/dlx-15992/node_modules/.pnpm/chalk@5.1.2/node_modules/chalk",
    "link": "/home/thiccaxe/.local/share/pnpm/store/v3/tmp/dlx-15992/node_modules/.pnpm/create-astro@1.1.0/node_modules/chalk"
  },
  "183 debug pnpm:link": {
    "target": "/home/thiccaxe/.local/share/pnpm/store/v3/tmp/dlx-15992/node_modules/.pnpm/comment-json@4.2.3/node_modules/comment-json",
    "link": "/home/thiccaxe/.local/share/pnpm/store/v3/tmp/dlx-15992/node_modules/.pnpm/create-astro@1.1.0/node_modules/comment-json"
  },
  "184 debug pnpm:link": {
    "target": "/home/thiccaxe/.local/share/pnpm/store/v3/tmp/dlx-15992/node_modules/.pnpm/degit@2.8.4/node_modules/degit",
    "link": "/home/thiccaxe/.local/share/pnpm/store/v3/tmp/dlx-15992/node_modules/.pnpm/create-astro@1.1.0/node_modules/degit"
  },
  "185 debug pnpm:link": {
    "target": "/home/thiccaxe/.local/share/pnpm/store/v3/tmp/dlx-15992/node_modules/.pnpm/execa@6.1.0/node_modules/execa",
    "link": "/home/thiccaxe/.local/share/pnpm/store/v3/tmp/dlx-15992/node_modules/.pnpm/create-astro@1.1.0/node_modules/execa"
  },
  "186 debug pnpm:link": {
    "target": "/home/thiccaxe/.local/share/pnpm/store/v3/tmp/dlx-15992/node_modules/.pnpm/kleur@4.1.5/node_modules/kleur",
    "link": "/home/thiccaxe/.local/share/pnpm/store/v3/tmp/dlx-15992/node_modules/.pnpm/create-astro@1.1.0/node_modules/kleur"
  },
  "187 debug pnpm:link": {
    "target": "/home/thiccaxe/.local/share/pnpm/store/v3/tmp/dlx-15992/node_modules/.pnpm/ora@6.1.2/node_modules/ora",
    "link": "/home/thiccaxe/.local/share/pnpm/store/v3/tmp/dlx-15992/node_modules/.pnpm/create-astro@1.1.0/node_modules/ora"
  },
  "188 debug pnpm:link": {
    "target": "/home/thiccaxe/.local/share/pnpm/store/v3/tmp/dlx-15992/node_modules/.pnpm/prompts@2.4.2/node_modules/prompts",
    "link": "/home/thiccaxe/.local/share/pnpm/store/v3/tmp/dlx-15992/node_modules/.pnpm/create-astro@1.1.0/node_modules/prompts"
  },
  "189 debug pnpm:link": {
    "target": "/home/thiccaxe/.local/share/pnpm/store/v3/tmp/dlx-15992/node_modules/.pnpm/strip-ansi@7.0.1/node_modules/strip-ansi",
    "link": "/home/thiccaxe/.local/share/pnpm/store/v3/tmp/dlx-15992/node_modules/.pnpm/create-astro@1.1.0/node_modules/strip-ansi"
  },
  "190 debug pnpm:link": {
    "target": "/home/thiccaxe/.local/share/pnpm/store/v3/tmp/dlx-15992/node_modules/.pnpm/which-pm-runs@1.1.0/node_modules/which-pm-runs",
    "link": "/home/thiccaxe/.local/share/pnpm/store/v3/tmp/dlx-15992/node_modules/.pnpm/create-astro@1.1.0/node_modules/which-pm-runs"
  },
  "191 debug pnpm:link": {
    "target": "/home/thiccaxe/.local/share/pnpm/store/v3/tmp/dlx-15992/node_modules/.pnpm/yargs-parser@21.1.1/node_modules/yargs-parser",
    "link": "/home/thiccaxe/.local/share/pnpm/store/v3/tmp/dlx-15992/node_modules/.pnpm/create-astro@1.1.0/node_modules/yargs-parser"
  },
  "192 debug pnpm:link": {
    "target": "/home/thiccaxe/.local/share/pnpm/store/v3/tmp/dlx-15992/node_modules/.pnpm/array-timsort@1.0.3/node_modules/array-timsort",
    "link": "/home/thiccaxe/.local/share/pnpm/store/v3/tmp/dlx-15992/node_modules/.pnpm/comment-json@4.2.3/node_modules/array-timsort"
  },
  "193 debug pnpm:link": {
    "target": "/home/thiccaxe/.local/share/pnpm/store/v3/tmp/dlx-15992/node_modules/.pnpm/core-util-is@1.0.3/node_modules/core-util-is",
    "link": "/home/thiccaxe/.local/share/pnpm/store/v3/tmp/dlx-15992/node_modules/.pnpm/comment-json@4.2.3/node_modules/core-util-is"
  },
  "194 debug pnpm:link": {
    "target": "/home/thiccaxe/.local/share/pnpm/store/v3/tmp/dlx-15992/node_modules/.pnpm/esprima@4.0.1/node_modules/esprima",
    "link": "/home/thiccaxe/.local/share/pnpm/store/v3/tmp/dlx-15992/node_modules/.pnpm/comment-json@4.2.3/node_modules/esprima"
  },
  "195 debug pnpm:link": {
    "target": "/home/thiccaxe/.local/share/pnpm/store/v3/tmp/dlx-15992/node_modules/.pnpm/has-own-prop@2.0.0/node_modules/has-own-prop",
    "link": "/home/thiccaxe/.local/share/pnpm/store/v3/tmp/dlx-15992/node_modules/.pnpm/comment-json@4.2.3/node_modules/has-own-prop"
  },
  "196 debug pnpm:link": {
    "target": "/home/thiccaxe/.local/share/pnpm/store/v3/tmp/dlx-15992/node_modules/.pnpm/repeat-string@1.6.1/node_modules/repeat-string",
    "link": "/home/thiccaxe/.local/share/pnpm/store/v3/tmp/dlx-15992/node_modules/.pnpm/comment-json@4.2.3/node_modules/repeat-string"
  },
  "197 debug pnpm:link": {
    "target": "/home/thiccaxe/.local/share/pnpm/store/v3/tmp/dlx-15992/node_modules/.pnpm/cross-spawn@7.0.3/node_modules/cross-spawn",
    "link": "/home/thiccaxe/.local/share/pnpm/store/v3/tmp/dlx-15992/node_modules/.pnpm/execa@6.1.0/node_modules/cross-spawn"
  },
  "198 debug pnpm:link": {
    "target": "/home/thiccaxe/.local/share/pnpm/store/v3/tmp/dlx-15992/node_modules/.pnpm/get-stream@6.0.1/node_modules/get-stream",
    "link": "/home/thiccaxe/.local/share/pnpm/store/v3/tmp/dlx-15992/node_modules/.pnpm/execa@6.1.0/node_modules/get-stream"
  },
  "199 debug pnpm:link": {
    "target": "/home/thiccaxe/.local/share/pnpm/store/v3/tmp/dlx-15992/node_modules/.pnpm/human-signals@3.0.1/node_modules/human-signals",
    "link": "/home/thiccaxe/.local/share/pnpm/store/v3/tmp/dlx-15992/node_modules/.pnpm/execa@6.1.0/node_modules/human-signals"
  },
  "200 debug pnpm:link": {
    "target": "/home/thiccaxe/.local/share/pnpm/store/v3/tmp/dlx-15992/node_modules/.pnpm/is-stream@3.0.0/node_modules/is-stream",
    "link": "/home/thiccaxe/.local/share/pnpm/store/v3/tmp/dlx-15992/node_modules/.pnpm/execa@6.1.0/node_modules/is-stream"
  },
  "201 debug pnpm:link": {
    "target": "/home/thiccaxe/.local/share/pnpm/store/v3/tmp/dlx-15992/node_modules/.pnpm/merge-stream@2.0.0/node_modules/merge-stream",
    "link": "/home/thiccaxe/.local/share/pnpm/store/v3/tmp/dlx-15992/node_modules/.pnpm/execa@6.1.0/node_modules/merge-stream"
  },
  "202 debug pnpm:link": {
    "target": "/home/thiccaxe/.local/share/pnpm/store/v3/tmp/dlx-15992/node_modules/.pnpm/npm-run-path@5.1.0/node_modules/npm-run-path",
    "link": "/home/thiccaxe/.local/share/pnpm/store/v3/tmp/dlx-15992/node_modules/.pnpm/execa@6.1.0/node_modules/npm-run-path"
  },
  "203 debug pnpm:link": {
    "target": "/home/thiccaxe/.local/share/pnpm/store/v3/tmp/dlx-15992/node_modules/.pnpm/onetime@6.0.0/node_modules/onetime",
    "link": "/home/thiccaxe/.local/share/pnpm/store/v3/tmp/dlx-15992/node_modules/.pnpm/execa@6.1.0/node_modules/onetime"
  },
  "204 debug pnpm:link": {
    "target": "/home/thiccaxe/.local/share/pnpm/store/v3/tmp/dlx-15992/node_modules/.pnpm/signal-exit@3.0.7/node_modules/signal-exit",
    "link": "/home/thiccaxe/.local/share/pnpm/store/v3/tmp/dlx-15992/node_modules/.pnpm/execa@6.1.0/node_modules/signal-exit"
  },
  "205 debug pnpm:link": {
    "target": "/home/thiccaxe/.local/share/pnpm/store/v3/tmp/dlx-15992/node_modules/.pnpm/strip-final-newline@3.0.0/node_modules/strip-final-newline",
    "link": "/home/thiccaxe/.local/share/pnpm/store/v3/tmp/dlx-15992/node_modules/.pnpm/execa@6.1.0/node_modules/strip-final-newline"
  },
  "206 debug pnpm:link": {
    "target": "/home/thiccaxe/.local/share/pnpm/store/v3/tmp/dlx-15992/node_modules/.pnpm/path-key@3.1.1/node_modules/path-key",
    "link": "/home/thiccaxe/.local/share/pnpm/store/v3/tmp/dlx-15992/node_modules/.pnpm/cross-spawn@7.0.3/node_modules/path-key"
  },
  "207 debug pnpm:link": {
    "target": "/home/thiccaxe/.local/share/pnpm/store/v3/tmp/dlx-15992/node_modules/.pnpm/shebang-command@2.0.0/node_modules/shebang-command",
    "link": "/home/thiccaxe/.local/share/pnpm/store/v3/tmp/dlx-15992/node_modules/.pnpm/cross-spawn@7.0.3/node_modules/shebang-command"
  },
  "208 debug pnpm:link": {
    "target": "/home/thiccaxe/.local/share/pnpm/store/v3/tmp/dlx-15992/node_modules/.pnpm/which@2.0.2/node_modules/which",
    "link": "/home/thiccaxe/.local/share/pnpm/store/v3/tmp/dlx-15992/node_modules/.pnpm/cross-spawn@7.0.3/node_modules/which"
  },
  "209 debug pnpm:link": {
    "target": "/home/thiccaxe/.local/share/pnpm/store/v3/tmp/dlx-15992/node_modules/.pnpm/shebang-regex@3.0.0/node_modules/shebang-regex",
    "link": "/home/thiccaxe/.local/share/pnpm/store/v3/tmp/dlx-15992/node_modules/.pnpm/shebang-command@2.0.0/node_modules/shebang-regex"
  },
  "210 debug pnpm:link": {
    "target": "/home/thiccaxe/.local/share/pnpm/store/v3/tmp/dlx-15992/node_modules/.pnpm/isexe@2.0.0/node_modules/isexe",
    "link": "/home/thiccaxe/.local/share/pnpm/store/v3/tmp/dlx-15992/node_modules/.pnpm/which@2.0.2/node_modules/isexe"
  },
  "211 debug pnpm:link": {
    "target": "/home/thiccaxe/.local/share/pnpm/store/v3/tmp/dlx-15992/node_modules/.pnpm/path-key@4.0.0/node_modules/path-key",
    "link": "/home/thiccaxe/.local/share/pnpm/store/v3/tmp/dlx-15992/node_modules/.pnpm/npm-run-path@5.1.0/node_modules/path-key"
  },
  "212 debug pnpm:link": {
    "target": "/home/thiccaxe/.local/share/pnpm/store/v3/tmp/dlx-15992/node_modules/.pnpm/mimic-fn@4.0.0/node_modules/mimic-fn",
    "link": "/home/thiccaxe/.local/share/pnpm/store/v3/tmp/dlx-15992/node_modules/.pnpm/onetime@6.0.0/node_modules/mimic-fn"
  },
  "213 debug pnpm:link": {
    "target": "/home/thiccaxe/.local/share/pnpm/store/v3/tmp/dlx-15992/node_modules/.pnpm/bl@5.1.0/node_modules/bl",
    "link": "/home/thiccaxe/.local/share/pnpm/store/v3/tmp/dlx-15992/node_modules/.pnpm/ora@6.1.2/node_modules/bl"
  },
  "214 debug pnpm:link": {
    "target": "/home/thiccaxe/.local/share/pnpm/store/v3/tmp/dlx-15992/node_modules/.pnpm/chalk@5.1.2/node_modules/chalk",
    "link": "/home/thiccaxe/.local/share/pnpm/store/v3/tmp/dlx-15992/node_modules/.pnpm/ora@6.1.2/node_modules/chalk"
  },
  "215 debug pnpm:link": {
    "target": "/home/thiccaxe/.local/share/pnpm/store/v3/tmp/dlx-15992/node_modules/.pnpm/cli-cursor@4.0.0/node_modules/cli-cursor",
    "link": "/home/thiccaxe/.local/share/pnpm/store/v3/tmp/dlx-15992/node_modules/.pnpm/ora@6.1.2/node_modules/cli-cursor"
  },
  "216 debug pnpm:link": {
    "target": "/home/thiccaxe/.local/share/pnpm/store/v3/tmp/dlx-15992/node_modules/.pnpm/cli-spinners@2.7.0/node_modules/cli-spinners",
    "link": "/home/thiccaxe/.local/share/pnpm/store/v3/tmp/dlx-15992/node_modules/.pnpm/ora@6.1.2/node_modules/cli-spinners"
  },
  "217 debug pnpm:link": {
    "target": "/home/thiccaxe/.local/share/pnpm/store/v3/tmp/dlx-15992/node_modules/.pnpm/is-interactive@2.0.0/node_modules/is-interactive",
    "link": "/home/thiccaxe/.local/share/pnpm/store/v3/tmp/dlx-15992/node_modules/.pnpm/ora@6.1.2/node_modules/is-interactive"
  },
  "218 debug pnpm:link": {
    "target": "/home/thiccaxe/.local/share/pnpm/store/v3/tmp/dlx-15992/node_modules/.pnpm/is-unicode-supported@1.3.0/node_modules/is-unicode-supported",
    "link": "/home/thiccaxe/.local/share/pnpm/store/v3/tmp/dlx-15992/node_modules/.pnpm/ora@6.1.2/node_modules/is-unicode-supported"
  },
  "219 debug pnpm:link": {
    "target": "/home/thiccaxe/.local/share/pnpm/store/v3/tmp/dlx-15992/node_modules/.pnpm/log-symbols@5.1.0/node_modules/log-symbols",
    "link": "/home/thiccaxe/.local/share/pnpm/store/v3/tmp/dlx-15992/node_modules/.pnpm/ora@6.1.2/node_modules/log-symbols"
  },
  "220 debug pnpm:link": {
    "target": "/home/thiccaxe/.local/share/pnpm/store/v3/tmp/dlx-15992/node_modules/.pnpm/strip-ansi@7.0.1/node_modules/strip-ansi",
    "link": "/home/thiccaxe/.local/share/pnpm/store/v3/tmp/dlx-15992/node_modules/.pnpm/ora@6.1.2/node_modules/strip-ansi"
  },
  "221 debug pnpm:link": {
    "target": "/home/thiccaxe/.local/share/pnpm/store/v3/tmp/dlx-15992/node_modules/.pnpm/wcwidth@1.0.1/node_modules/wcwidth",
    "link": "/home/thiccaxe/.local/share/pnpm/store/v3/tmp/dlx-15992/node_modules/.pnpm/ora@6.1.2/node_modules/wcwidth"
  },
  "222 debug pnpm:link": {
    "target": "/home/thiccaxe/.local/share/pnpm/store/v3/tmp/dlx-15992/node_modules/.pnpm/buffer@6.0.3/node_modules/buffer",
    "link": "/home/thiccaxe/.local/share/pnpm/store/v3/tmp/dlx-15992/node_modules/.pnpm/bl@5.1.0/node_modules/buffer"
  },
  "223 debug pnpm:link": {
    "target": "/home/thiccaxe/.local/share/pnpm/store/v3/tmp/dlx-15992/node_modules/.pnpm/inherits@2.0.4/node_modules/inherits",
    "link": "/home/thiccaxe/.local/share/pnpm/store/v3/tmp/dlx-15992/node_modules/.pnpm/bl@5.1.0/node_modules/inherits"
  },
  "224 debug pnpm:link": {
    "target": "/home/thiccaxe/.local/share/pnpm/store/v3/tmp/dlx-15992/node_modules/.pnpm/readable-stream@3.6.0/node_modules/readable-stream",
    "link": "/home/thiccaxe/.local/share/pnpm/store/v3/tmp/dlx-15992/node_modules/.pnpm/bl@5.1.0/node_modules/readable-stream"
  },
  "225 debug pnpm:link": {
    "target": "/home/thiccaxe/.local/share/pnpm/store/v3/tmp/dlx-15992/node_modules/.pnpm/base64-js@1.5.1/node_modules/base64-js",
    "link": "/home/thiccaxe/.local/share/pnpm/store/v3/tmp/dlx-15992/node_modules/.pnpm/buffer@6.0.3/node_modules/base64-js"
  },
  "226 debug pnpm:link": {
    "target": "/home/thiccaxe/.local/share/pnpm/store/v3/tmp/dlx-15992/node_modules/.pnpm/ieee754@1.2.1/node_modules/ieee754",
    "link": "/home/thiccaxe/.local/share/pnpm/store/v3/tmp/dlx-15992/node_modules/.pnpm/buffer@6.0.3/node_modules/ieee754"
  },
  "227 debug pnpm:link": {
    "target": "/home/thiccaxe/.local/share/pnpm/store/v3/tmp/dlx-15992/node_modules/.pnpm/inherits@2.0.4/node_modules/inherits",
    "link": "/home/thiccaxe/.local/share/pnpm/store/v3/tmp/dlx-15992/node_modules/.pnpm/readable-stream@3.6.0/node_modules/inherits"
  },
  "228 debug pnpm:link": {
    "target": "/home/thiccaxe/.local/share/pnpm/store/v3/tmp/dlx-15992/node_modules/.pnpm/string_decoder@1.3.0/node_modules/string_decoder",
    "link": "/home/thiccaxe/.local/share/pnpm/store/v3/tmp/dlx-15992/node_modules/.pnpm/readable-stream@3.6.0/node_modules/string_decoder"
  },
  "229 debug pnpm:link": {
    "target": "/home/thiccaxe/.local/share/pnpm/store/v3/tmp/dlx-15992/node_modules/.pnpm/util-deprecate@1.0.2/node_modules/util-deprecate",
    "link": "/home/thiccaxe/.local/share/pnpm/store/v3/tmp/dlx-15992/node_modules/.pnpm/readable-stream@3.6.0/node_modules/util-deprecate"
  },
  "230 debug pnpm:link": {
    "target": "/home/thiccaxe/.local/share/pnpm/store/v3/tmp/dlx-15992/node_modules/.pnpm/safe-buffer@5.2.1/node_modules/safe-buffer",
    "link": "/home/thiccaxe/.local/share/pnpm/store/v3/tmp/dlx-15992/node_modules/.pnpm/string_decoder@1.3.0/node_modules/safe-buffer"
  },
  "231 debug pnpm:link": {
    "target": "/home/thiccaxe/.local/share/pnpm/store/v3/tmp/dlx-15992/node_modules/.pnpm/restore-cursor@4.0.0/node_modules/restore-cursor",
    "link": "/home/thiccaxe/.local/share/pnpm/store/v3/tmp/dlx-15992/node_modules/.pnpm/cli-cursor@4.0.0/node_modules/restore-cursor"
  },
  "232 debug pnpm:link": {
    "target": "/home/thiccaxe/.local/share/pnpm/store/v3/tmp/dlx-15992/node_modules/.pnpm/onetime@5.1.2/node_modules/onetime",
    "link": "/home/thiccaxe/.local/share/pnpm/store/v3/tmp/dlx-15992/node_modules/.pnpm/restore-cursor@4.0.0/node_modules/onetime"
  },
  "233 debug pnpm:link": {
    "target": "/home/thiccaxe/.local/share/pnpm/store/v3/tmp/dlx-15992/node_modules/.pnpm/signal-exit@3.0.7/node_modules/signal-exit",
    "link": "/home/thiccaxe/.local/share/pnpm/store/v3/tmp/dlx-15992/node_modules/.pnpm/restore-cursor@4.0.0/node_modules/signal-exit"
  },
  "234 debug pnpm:link": {
    "target": "/home/thiccaxe/.local/share/pnpm/store/v3/tmp/dlx-15992/node_modules/.pnpm/mimic-fn@2.1.0/node_modules/mimic-fn",
    "link": "/home/thiccaxe/.local/share/pnpm/store/v3/tmp/dlx-15992/node_modules/.pnpm/onetime@5.1.2/node_modules/mimic-fn"
  },
  "235 debug pnpm:link": {
    "target": "/home/thiccaxe/.local/share/pnpm/store/v3/tmp/dlx-15992/node_modules/.pnpm/chalk@5.1.2/node_modules/chalk",
    "link": "/home/thiccaxe/.local/share/pnpm/store/v3/tmp/dlx-15992/node_modules/.pnpm/log-symbols@5.1.0/node_modules/chalk"
  },
  "236 debug pnpm:link": {
    "target": "/home/thiccaxe/.local/share/pnpm/store/v3/tmp/dlx-15992/node_modules/.pnpm/is-unicode-supported@1.3.0/node_modules/is-unicode-supported",
    "link": "/home/thiccaxe/.local/share/pnpm/store/v3/tmp/dlx-15992/node_modules/.pnpm/log-symbols@5.1.0/node_modules/is-unicode-supported"
  },
  "237 debug pnpm:link": {
    "target": "/home/thiccaxe/.local/share/pnpm/store/v3/tmp/dlx-15992/node_modules/.pnpm/defaults@1.0.4/node_modules/defaults",
    "link": "/home/thiccaxe/.local/share/pnpm/store/v3/tmp/dlx-15992/node_modules/.pnpm/wcwidth@1.0.1/node_modules/defaults"
  },
  "238 debug pnpm:link": {
    "target": "/home/thiccaxe/.local/share/pnpm/store/v3/tmp/dlx-15992/node_modules/.pnpm/clone@1.0.4/node_modules/clone",
    "link": "/home/thiccaxe/.local/share/pnpm/store/v3/tmp/dlx-15992/node_modules/.pnpm/defaults@1.0.4/node_modules/clone"
  },
  "239 debug pnpm:link": {
    "target": "/home/thiccaxe/.local/share/pnpm/store/v3/tmp/dlx-15992/node_modules/.pnpm/kleur@3.0.3/node_modules/kleur",
    "link": "/home/thiccaxe/.local/share/pnpm/store/v3/tmp/dlx-15992/node_modules/.pnpm/prompts@2.4.2/node_modules/kleur"
  },
  "240 debug pnpm:link": {
    "target": "/home/thiccaxe/.local/share/pnpm/store/v3/tmp/dlx-15992/node_modules/.pnpm/sisteransi@1.0.5/node_modules/sisteransi",
    "link": "/home/thiccaxe/.local/share/pnpm/store/v3/tmp/dlx-15992/node_modules/.pnpm/prompts@2.4.2/node_modules/sisteransi"
  },
  "241 debug pnpm:link": {
    "target": "/home/thiccaxe/.local/share/pnpm/store/v3/tmp/dlx-15992/node_modules/.pnpm/ansi-regex@6.0.1/node_modules/ansi-regex",
    "link": "/home/thiccaxe/.local/share/pnpm/store/v3/tmp/dlx-15992/node_modules/.pnpm/strip-ansi@7.0.1/node_modules/ansi-regex"
  },
  "242 debug pnpm:package-import-method": {
    "method": "hardlink"
  },
  "243 debug pnpm:progress": {
    "method": "hardlink",
    "requester": "/home/thiccaxe/.local/share/pnpm/store/v3/tmp/dlx-15992",
    "status": "imported",
    "to": "/home/thiccaxe/.local/share/pnpm/store/v3/tmp/dlx-15992/node_modules/.pnpm/has-own-prop@2.0.0/node_modules/has-own-prop"
  },
  "244 debug pnpm:package-import-method": {
    "method": "hardlink"
  },
  "245 debug pnpm:progress": {
    "method": "hardlink",
    "requester": "/home/thiccaxe/.local/share/pnpm/store/v3/tmp/dlx-15992",
    "status": "imported",
    "to": "/home/thiccaxe/.local/share/pnpm/store/v3/tmp/dlx-15992/node_modules/.pnpm/repeat-string@1.6.1/node_modules/repeat-string"
  },
  "246 debug pnpm:package-import-method": {
    "method": "hardlink"
  },
  "247 debug pnpm:progress": {
    "method": "hardlink",
    "requester": "/home/thiccaxe/.local/share/pnpm/store/v3/tmp/dlx-15992",
    "status": "imported",
    "to": "/home/thiccaxe/.local/share/pnpm/store/v3/tmp/dlx-15992/node_modules/.pnpm/shebang-command@2.0.0/node_modules/shebang-command"
  },
  "248 debug pnpm:package-import-method": {
    "method": "hardlink"
  },
  "249 debug pnpm:progress": {
    "method": "hardlink",
    "requester": "/home/thiccaxe/.local/share/pnpm/store/v3/tmp/dlx-15992",
    "status": "imported",
    "to": "/home/thiccaxe/.local/share/pnpm/store/v3/tmp/dlx-15992/node_modules/.pnpm/path-key@3.1.1/node_modules/path-key"
  },
  "250 debug pnpm:package-import-method": {
    "method": "hardlink"
  },
  "251 debug pnpm:progress": {
    "method": "hardlink",
    "requester": "/home/thiccaxe/.local/share/pnpm/store/v3/tmp/dlx-15992",
    "status": "imported",
    "to": "/home/thiccaxe/.local/share/pnpm/store/v3/tmp/dlx-15992/node_modules/.pnpm/shebang-regex@3.0.0/node_modules/shebang-regex"
  },
  "252 debug pnpm:package-import-method": {
    "method": "hardlink"
  },
  "253 debug pnpm:progress": {
    "method": "hardlink",
    "requester": "/home/thiccaxe/.local/share/pnpm/store/v3/tmp/dlx-15992",
    "status": "imported",
    "to": "/home/thiccaxe/.local/share/pnpm/store/v3/tmp/dlx-15992/node_modules/.pnpm/array-timsort@1.0.3/node_modules/array-timsort"
  },
  "254 debug pnpm:package-import-method": {
    "method": "hardlink"
  },
  "255 debug pnpm:progress": {
    "method": "hardlink",
    "requester": "/home/thiccaxe/.local/share/pnpm/store/v3/tmp/dlx-15992",
    "status": "imported",
    "to": "/home/thiccaxe/.local/share/pnpm/store/v3/tmp/dlx-15992/node_modules/.pnpm/comment-json@4.2.3/node_modules/comment-json"
  },
  "256 debug pnpm:package-import-method": {
    "method": "hardlink"
  },
  "257 debug pnpm:progress": {
    "method": "hardlink",
    "requester": "/home/thiccaxe/.local/share/pnpm/store/v3/tmp/dlx-15992",
    "status": "imported",
    "to": "/home/thiccaxe/.local/share/pnpm/store/v3/tmp/dlx-15992/node_modules/.pnpm/core-util-is@1.0.3/node_modules/core-util-is"
  },
  "258 debug pnpm:progress": {
    "method": "hardlink",
    "requester": "/home/thiccaxe/.local/share/pnpm/store/v3/tmp/dlx-15992",
    "status": "imported",
    "to": "/home/thiccaxe/.local/share/pnpm/store/v3/tmp/dlx-15992/node_modules/.pnpm/get-stream@6.0.1/node_modules/get-stream"
  },
  "259 debug pnpm:package-import-method": {
    "method": "hardlink"
  },
  "260 debug pnpm:progress": {
    "method": "hardlink",
    "requester": "/home/thiccaxe/.local/share/pnpm/store/v3/tmp/dlx-15992",
    "status": "imported",
    "to": "/home/thiccaxe/.local/share/pnpm/store/v3/tmp/dlx-15992/node_modules/.pnpm/esprima@4.0.1/node_modules/esprima"
  },
  "261 debug pnpm:package-import-method": {
    "method": "hardlink"
  },
  "262 debug pnpm:progress": {
    "method": "hardlink",
    "requester": "/home/thiccaxe/.local/share/pnpm/store/v3/tmp/dlx-15992",
    "status": "imported",
    "to": "/home/thiccaxe/.local/share/pnpm/store/v3/tmp/dlx-15992/node_modules/.pnpm/degit@2.8.4/node_modules/degit"
  },
  "263 debug pnpm:package-import-method": {
    "method": "hardlink"
  },
  "264 debug pnpm:progress": {
    "method": "hardlink",
    "requester": "/home/thiccaxe/.local/share/pnpm/store/v3/tmp/dlx-15992",
    "status": "imported",
    "to": "/home/thiccaxe/.local/share/pnpm/store/v3/tmp/dlx-15992/node_modules/.pnpm/execa@6.1.0/node_modules/execa"
  },
  "265 debug pnpm:progress": {
    "method": "hardlink",
    "requester": "/home/thiccaxe/.local/share/pnpm/store/v3/tmp/dlx-15992",
    "status": "imported",
    "to": "/home/thiccaxe/.local/share/pnpm/store/v3/tmp/dlx-15992/node_modules/.pnpm/is-stream@3.0.0/node_modules/is-stream"
  },
  "266 debug pnpm:progress": {
    "method": "hardlink",
    "requester": "/home/thiccaxe/.local/share/pnpm/store/v3/tmp/dlx-15992",
    "status": "imported",
    "to": "/home/thiccaxe/.local/share/pnpm/store/v3/tmp/dlx-15992/node_modules/.pnpm/merge-stream@2.0.0/node_modules/merge-stream"
  },
  "267 debug pnpm:progress": {
    "method": "hardlink",
    "requester": "/home/thiccaxe/.local/share/pnpm/store/v3/tmp/dlx-15992",
    "status": "imported",
    "to": "/home/thiccaxe/.local/share/pnpm/store/v3/tmp/dlx-15992/node_modules/.pnpm/npm-run-path@5.1.0/node_modules/npm-run-path"
  },
  "268 debug pnpm:package-import-method": {
    "method": "hardlink"
  },
  "269 debug pnpm:progress": {
    "method": "hardlink",
    "requester": "/home/thiccaxe/.local/share/pnpm/store/v3/tmp/dlx-15992",
    "status": "imported",
    "to": "/home/thiccaxe/.local/share/pnpm/store/v3/tmp/dlx-15992/node_modules/.pnpm/which@2.0.2/node_modules/which"
  },
  "270 debug pnpm:package-import-method": {
    "method": "hardlink"
  },
  "271 debug pnpm:progress": {
    "method": "hardlink",
    "requester": "/home/thiccaxe/.local/share/pnpm/store/v3/tmp/dlx-15992",
    "status": "imported",
    "to": "/home/thiccaxe/.local/share/pnpm/store/v3/tmp/dlx-15992/node_modules/.pnpm/isexe@2.0.0/node_modules/isexe"
  },
  "272 debug pnpm:progress": {
    "method": "hardlink",
    "requester": "/home/thiccaxe/.local/share/pnpm/store/v3/tmp/dlx-15992",
    "status": "imported",
    "to": "/home/thiccaxe/.local/share/pnpm/store/v3/tmp/dlx-15992/node_modules/.pnpm/human-signals@3.0.1/node_modules/human-signals"
  },
  "273 debug pnpm:progress": {
    "method": "hardlink",
    "requester": "/home/thiccaxe/.local/share/pnpm/store/v3/tmp/dlx-15992",
    "status": "imported",
    "to": "/home/thiccaxe/.local/share/pnpm/store/v3/tmp/dlx-15992/node_modules/.pnpm/path-key@4.0.0/node_modules/path-key"
  },
  "274 debug pnpm:progress": {
    "method": "hardlink",
    "requester": "/home/thiccaxe/.local/share/pnpm/store/v3/tmp/dlx-15992",
    "status": "imported",
    "to": "/home/thiccaxe/.local/share/pnpm/store/v3/tmp/dlx-15992/node_modules/.pnpm/onetime@6.0.0/node_modules/onetime"
  },
  "275 debug pnpm:progress": {
    "method": "hardlink",
    "requester": "/home/thiccaxe/.local/share/pnpm/store/v3/tmp/dlx-15992",
    "status": "imported",
    "to": "/home/thiccaxe/.local/share/pnpm/store/v3/tmp/dlx-15992/node_modules/.pnpm/mimic-fn@4.0.0/node_modules/mimic-fn"
  },
  "276 debug pnpm:progress": {
    "method": "hardlink",
    "requester": "/home/thiccaxe/.local/share/pnpm/store/v3/tmp/dlx-15992",
    "status": "imported",
    "to": "/home/thiccaxe/.local/share/pnpm/store/v3/tmp/dlx-15992/node_modules/.pnpm/signal-exit@3.0.7/node_modules/signal-exit"
  },
  "277 debug pnpm:progress": {
    "method": "hardlink",
    "requester": "/home/thiccaxe/.local/share/pnpm/store/v3/tmp/dlx-15992",
    "status": "imported",
    "to": "/home/thiccaxe/.local/share/pnpm/store/v3/tmp/dlx-15992/node_modules/.pnpm/strip-final-newline@3.0.0/node_modules/strip-final-newline"
  },
  "278 debug pnpm:progress": {
    "method": "hardlink",
    "requester": "/home/thiccaxe/.local/share/pnpm/store/v3/tmp/dlx-15992",
    "status": "imported",
    "to": "/home/thiccaxe/.local/share/pnpm/store/v3/tmp/dlx-15992/node_modules/.pnpm/kleur@4.1.5/node_modules/kleur"
  },
  "279 debug pnpm:progress": {
    "method": "hardlink",
    "requester": "/home/thiccaxe/.local/share/pnpm/store/v3/tmp/dlx-15992",
    "status": "imported",
    "to": "/home/thiccaxe/.local/share/pnpm/store/v3/tmp/dlx-15992/node_modules/.pnpm/ora@6.1.2/node_modules/ora"
  },
  "280 debug pnpm:progress": {
    "method": "hardlink",
    "requester": "/home/thiccaxe/.local/share/pnpm/store/v3/tmp/dlx-15992",
    "status": "imported",
    "to": "/home/thiccaxe/.local/share/pnpm/store/v3/tmp/dlx-15992/node_modules/.pnpm/buffer@6.0.3/node_modules/buffer"
  },
  "281 debug pnpm:progress": {
    "method": "hardlink",
    "requester": "/home/thiccaxe/.local/share/pnpm/store/v3/tmp/dlx-15992",
    "status": "imported",
    "to": "/home/thiccaxe/.local/share/pnpm/store/v3/tmp/dlx-15992/node_modules/.pnpm/base64-js@1.5.1/node_modules/base64-js"
  },
  "282 debug pnpm:progress": {
    "method": "hardlink",
    "requester": "/home/thiccaxe/.local/share/pnpm/store/v3/tmp/dlx-15992",
    "status": "imported",
    "to": "/home/thiccaxe/.local/share/pnpm/store/v3/tmp/dlx-15992/node_modules/.pnpm/ieee754@1.2.1/node_modules/ieee754"
  },
  "283 debug pnpm:progress": {
    "method": "hardlink",
    "requester": "/home/thiccaxe/.local/share/pnpm/store/v3/tmp/dlx-15992",
    "status": "imported",
    "to": "/home/thiccaxe/.local/share/pnpm/store/v3/tmp/dlx-15992/node_modules/.pnpm/inherits@2.0.4/node_modules/inherits"
  },
  "284 debug pnpm:package-import-method": {
    "method": "hardlink"
  },
  "285 debug pnpm:progress": {
    "method": "hardlink",
    "requester": "/home/thiccaxe/.local/share/pnpm/store/v3/tmp/dlx-15992",
    "status": "imported",
    "to": "/home/thiccaxe/.local/share/pnpm/store/v3/tmp/dlx-15992/node_modules/.pnpm/create-astro@1.1.0/node_modules/create-astro"
  },
  "286 debug pnpm:progress": {
    "method": "hardlink",
    "requester": "/home/thiccaxe/.local/share/pnpm/store/v3/tmp/dlx-15992",
    "status": "imported",
    "to": "/home/thiccaxe/.local/share/pnpm/store/v3/tmp/dlx-15992/node_modules/.pnpm/bl@5.1.0/node_modules/bl"
  },
  "287 debug pnpm:package-import-method": {
    "method": "hardlink"
  },
  "288 debug pnpm:progress": {
    "method": "hardlink",
    "requester": "/home/thiccaxe/.local/share/pnpm/store/v3/tmp/dlx-15992",
    "status": "imported",
    "to": "/home/thiccaxe/.local/share/pnpm/store/v3/tmp/dlx-15992/node_modules/.pnpm/cross-spawn@7.0.3/node_modules/cross-spawn"
  },
  "289 debug pnpm:progress": {
    "method": "hardlink",
    "requester": "/home/thiccaxe/.local/share/pnpm/store/v3/tmp/dlx-15992",
    "status": "imported",
    "to": "/home/thiccaxe/.local/share/pnpm/store/v3/tmp/dlx-15992/node_modules/.pnpm/safe-buffer@5.2.1/node_modules/safe-buffer"
  },
  "290 debug pnpm:progress": {
    "method": "hardlink",
    "requester": "/home/thiccaxe/.local/share/pnpm/store/v3/tmp/dlx-15992",
    "status": "imported",
    "to": "/home/thiccaxe/.local/share/pnpm/store/v3/tmp/dlx-15992/node_modules/.pnpm/cli-cursor@4.0.0/node_modules/cli-cursor"
  },
  "291 debug pnpm:progress": {
    "method": "hardlink",
    "requester": "/home/thiccaxe/.local/share/pnpm/store/v3/tmp/dlx-15992",
    "status": "imported",
    "to": "/home/thiccaxe/.local/share/pnpm/store/v3/tmp/dlx-15992/node_modules/.pnpm/util-deprecate@1.0.2/node_modules/util-deprecate"
  },
  "292 debug pnpm:progress": {
    "method": "hardlink",
    "requester": "/home/thiccaxe/.local/share/pnpm/store/v3/tmp/dlx-15992",
    "status": "imported",
    "to": "/home/thiccaxe/.local/share/pnpm/store/v3/tmp/dlx-15992/node_modules/.pnpm/restore-cursor@4.0.0/node_modules/restore-cursor"
  },
  "293 debug pnpm:progress": {
    "method": "hardlink",
    "requester": "/home/thiccaxe/.local/share/pnpm/store/v3/tmp/dlx-15992",
    "status": "imported",
    "to": "/home/thiccaxe/.local/share/pnpm/store/v3/tmp/dlx-15992/node_modules/.pnpm/onetime@5.1.2/node_modules/onetime"
  },
  "294 debug pnpm:progress": {
    "method": "hardlink",
    "requester": "/home/thiccaxe/.local/share/pnpm/store/v3/tmp/dlx-15992",
    "status": "imported",
    "to": "/home/thiccaxe/.local/share/pnpm/store/v3/tmp/dlx-15992/node_modules/.pnpm/mimic-fn@2.1.0/node_modules/mimic-fn"
  },
  "295 debug pnpm:progress": {
    "method": "hardlink",
    "requester": "/home/thiccaxe/.local/share/pnpm/store/v3/tmp/dlx-15992",
    "status": "imported",
    "to": "/home/thiccaxe/.local/share/pnpm/store/v3/tmp/dlx-15992/node_modules/.pnpm/readable-stream@3.6.0/node_modules/readable-stream"
  },
  "296 debug pnpm:progress": {
    "method": "hardlink",
    "requester": "/home/thiccaxe/.local/share/pnpm/store/v3/tmp/dlx-15992",
    "status": "imported",
    "to": "/home/thiccaxe/.local/share/pnpm/store/v3/tmp/dlx-15992/node_modules/.pnpm/is-interactive@2.0.0/node_modules/is-interactive"
  },
  "297 debug pnpm:progress": {
    "method": "hardlink",
    "requester": "/home/thiccaxe/.local/share/pnpm/store/v3/tmp/dlx-15992",
    "status": "imported",
    "to": "/home/thiccaxe/.local/share/pnpm/store/v3/tmp/dlx-15992/node_modules/.pnpm/log-symbols@5.1.0/node_modules/log-symbols"
  },
  "298 debug pnpm:progress": {
    "method": "hardlink",
    "requester": "/home/thiccaxe/.local/share/pnpm/store/v3/tmp/dlx-15992",
    "status": "imported",
    "to": "/home/thiccaxe/.local/share/pnpm/store/v3/tmp/dlx-15992/node_modules/.pnpm/cli-spinners@2.7.0/node_modules/cli-spinners"
  },
  "299 debug pnpm:progress": {
    "method": "hardlink",
    "requester": "/home/thiccaxe/.local/share/pnpm/store/v3/tmp/dlx-15992",
    "status": "imported",
    "to": "/home/thiccaxe/.local/share/pnpm/store/v3/tmp/dlx-15992/node_modules/.pnpm/is-unicode-supported@1.3.0/node_modules/is-unicode-supported"
  },
  "300 debug pnpm:progress": {
    "method": "hardlink",
    "requester": "/home/thiccaxe/.local/share/pnpm/store/v3/tmp/dlx-15992",
    "status": "imported",
    "to": "/home/thiccaxe/.local/share/pnpm/store/v3/tmp/dlx-15992/node_modules/.pnpm/string_decoder@1.3.0/node_modules/string_decoder"
  },
  "301 debug pnpm:progress": {
    "method": "hardlink",
    "requester": "/home/thiccaxe/.local/share/pnpm/store/v3/tmp/dlx-15992",
    "status": "imported",
    "to": "/home/thiccaxe/.local/share/pnpm/store/v3/tmp/dlx-15992/node_modules/.pnpm/wcwidth@1.0.1/node_modules/wcwidth"
  },
  "302 debug pnpm:package-import-method": {
    "method": "hardlink"
  },
  "303 debug pnpm:progress": {
    "method": "hardlink",
    "requester": "/home/thiccaxe/.local/share/pnpm/store/v3/tmp/dlx-15992",
    "status": "imported",
    "to": "/home/thiccaxe/.local/share/pnpm/store/v3/tmp/dlx-15992/node_modules/.pnpm/chalk@5.1.2/node_modules/chalk"
  },
  "304 debug pnpm:progress": {
    "method": "hardlink",
    "requester": "/home/thiccaxe/.local/share/pnpm/store/v3/tmp/dlx-15992",
    "status": "imported",
    "to": "/home/thiccaxe/.local/share/pnpm/store/v3/tmp/dlx-15992/node_modules/.pnpm/defaults@1.0.4/node_modules/defaults"
  },
  "305 debug pnpm:progress": {
    "method": "hardlink",
    "requester": "/home/thiccaxe/.local/share/pnpm/store/v3/tmp/dlx-15992",
    "status": "imported",
    "to": "/home/thiccaxe/.local/share/pnpm/store/v3/tmp/dlx-15992/node_modules/.pnpm/clone@1.0.4/node_modules/clone"
  },
  "306 debug pnpm:progress": {
    "method": "hardlink",
    "requester": "/home/thiccaxe/.local/share/pnpm/store/v3/tmp/dlx-15992",
    "status": "imported",
    "to": "/home/thiccaxe/.local/share/pnpm/store/v3/tmp/dlx-15992/node_modules/.pnpm/kleur@3.0.3/node_modules/kleur"
  },
  "307 debug pnpm:progress": {
    "method": "hardlink",
    "requester": "/home/thiccaxe/.local/share/pnpm/store/v3/tmp/dlx-15992",
    "status": "imported",
    "to": "/home/thiccaxe/.local/share/pnpm/store/v3/tmp/dlx-15992/node_modules/.pnpm/ansi-regex@6.0.1/node_modules/ansi-regex"
  },
  "308 debug pnpm:progress": {
    "method": "hardlink",
    "requester": "/home/thiccaxe/.local/share/pnpm/store/v3/tmp/dlx-15992",
    "status": "imported",
    "to": "/home/thiccaxe/.local/share/pnpm/store/v3/tmp/dlx-15992/node_modules/.pnpm/strip-ansi@7.0.1/node_modules/strip-ansi"
  },
  "309 debug pnpm:progress": {
    "method": "hardlink",
    "requester": "/home/thiccaxe/.local/share/pnpm/store/v3/tmp/dlx-15992",
    "status": "imported",
    "to": "/home/thiccaxe/.local/share/pnpm/store/v3/tmp/dlx-15992/node_modules/.pnpm/which-pm-runs@1.1.0/node_modules/which-pm-runs"
  },
  "310 debug pnpm:progress": {
    "method": "hardlink",
    "requester": "/home/thiccaxe/.local/share/pnpm/store/v3/tmp/dlx-15992",
    "status": "imported",
    "to": "/home/thiccaxe/.local/share/pnpm/store/v3/tmp/dlx-15992/node_modules/.pnpm/sisteransi@1.0.5/node_modules/sisteransi"
  },
  "311 debug pnpm:progress": {
    "method": "hardlink",
    "requester": "/home/thiccaxe/.local/share/pnpm/store/v3/tmp/dlx-15992",
    "status": "imported",
    "to": "/home/thiccaxe/.local/share/pnpm/store/v3/tmp/dlx-15992/node_modules/.pnpm/prompts@2.4.2/node_modules/prompts"
  },
  "312 debug pnpm:progress": {
    "method": "hardlink",
    "requester": "/home/thiccaxe/.local/share/pnpm/store/v3/tmp/dlx-15992",
    "status": "imported",
    "to": "/home/thiccaxe/.local/share/pnpm/store/v3/tmp/dlx-15992/node_modules/.pnpm/yargs-parser@21.1.1/node_modules/yargs-parser"
  },
  "313 debug pnpm:stage": {
    "prefix": "/home/thiccaxe/.local/share/pnpm/store/v3/tmp/dlx-15992",
    "stage": "importing_done"
  },
  "314 debug pnpm:link": {
    "target": "/home/thiccaxe/.local/share/pnpm/store/v3/tmp/dlx-15992/node_modules/.pnpm/create-astro@1.1.0/node_modules/create-astro",
    "link": "/home/thiccaxe/.local/share/pnpm/store/v3/tmp/dlx-15992/node_modules/create-astro"
  },
  "315 debug pnpm:root": {
    "added": {
      "dependencyType": "prod",
      "id": "registry.npmjs.org/create-astro/1.1.0",
      "name": "create-astro",
      "realName": "create-astro",
      "version": "1.1.0"
    },
    "prefix": "/home/thiccaxe/.local/share/pnpm/store/v3/tmp/dlx-15992"
  },
  "316 debug pnpm:link": {
    "target": "/home/thiccaxe/.local/share/pnpm/store/v3/tmp/dlx-15992/node_modules/.pnpm/chalk@5.1.2/node_modules/chalk",
    "link": "/home/thiccaxe/.local/share/pnpm/store/v3/tmp/dlx-15992/node_modules/.pnpm/node_modules/chalk"
  },
  "317 debug pnpm:link": {
    "target": "/home/thiccaxe/.local/share/pnpm/store/v3/tmp/dlx-15992/node_modules/.pnpm/comment-json@4.2.3/node_modules/comment-json",
    "link": "/home/thiccaxe/.local/share/pnpm/store/v3/tmp/dlx-15992/node_modules/.pnpm/node_modules/comment-json"
  },
  "318 debug pnpm:link": {
    "target": "/home/thiccaxe/.local/share/pnpm/store/v3/tmp/dlx-15992/node_modules/.pnpm/degit@2.8.4/node_modules/degit",
    "link": "/home/thiccaxe/.local/share/pnpm/store/v3/tmp/dlx-15992/node_modules/.pnpm/node_modules/degit"
  },
  "319 debug pnpm:link": {
    "target": "/home/thiccaxe/.local/share/pnpm/store/v3/tmp/dlx-15992/node_modules/.pnpm/execa@6.1.0/node_modules/execa",
    "link": "/home/thiccaxe/.local/share/pnpm/store/v3/tmp/dlx-15992/node_modules/.pnpm/node_modules/execa"
  },
  "320 debug pnpm:link": {
    "target": "/home/thiccaxe/.local/share/pnpm/store/v3/tmp/dlx-15992/node_modules/.pnpm/kleur@4.1.5/node_modules/kleur",
    "link": "/home/thiccaxe/.local/share/pnpm/store/v3/tmp/dlx-15992/node_modules/.pnpm/node_modules/kleur"
  },
  "321 debug pnpm:link": {
    "target": "/home/thiccaxe/.local/share/pnpm/store/v3/tmp/dlx-15992/node_modules/.pnpm/ora@6.1.2/node_modules/ora",
    "link": "/home/thiccaxe/.local/share/pnpm/store/v3/tmp/dlx-15992/node_modules/.pnpm/node_modules/ora"
  },
  "322 debug pnpm:link": {
    "target": "/home/thiccaxe/.local/share/pnpm/store/v3/tmp/dlx-15992/node_modules/.pnpm/prompts@2.4.2/node_modules/prompts",
    "link": "/home/thiccaxe/.local/share/pnpm/store/v3/tmp/dlx-15992/node_modules/.pnpm/node_modules/prompts"
  },
  "323 debug pnpm:link": {
    "target": "/home/thiccaxe/.local/share/pnpm/store/v3/tmp/dlx-15992/node_modules/.pnpm/strip-ansi@7.0.1/node_modules/strip-ansi",
    "link": "/home/thiccaxe/.local/share/pnpm/store/v3/tmp/dlx-15992/node_modules/.pnpm/node_modules/strip-ansi"
  },
  "324 debug pnpm:link": {
    "target": "/home/thiccaxe/.local/share/pnpm/store/v3/tmp/dlx-15992/node_modules/.pnpm/which-pm-runs@1.1.0/node_modules/which-pm-runs",
    "link": "/home/thiccaxe/.local/share/pnpm/store/v3/tmp/dlx-15992/node_modules/.pnpm/node_modules/which-pm-runs"
  },
  "325 debug pnpm:link": {
    "target": "/home/thiccaxe/.local/share/pnpm/store/v3/tmp/dlx-15992/node_modules/.pnpm/yargs-parser@21.1.1/node_modules/yargs-parser",
    "link": "/home/thiccaxe/.local/share/pnpm/store/v3/tmp/dlx-15992/node_modules/.pnpm/node_modules/yargs-parser"
  },
  "326 debug pnpm:link": {
    "target": "/home/thiccaxe/.local/share/pnpm/store/v3/tmp/dlx-15992/node_modules/.pnpm/array-timsort@1.0.3/node_modules/array-timsort",
    "link": "/home/thiccaxe/.local/share/pnpm/store/v3/tmp/dlx-15992/node_modules/.pnpm/node_modules/array-timsort"
  },
  "327 debug pnpm:link": {
    "target": "/home/thiccaxe/.local/share/pnpm/store/v3/tmp/dlx-15992/node_modules/.pnpm/core-util-is@1.0.3/node_modules/core-util-is",
    "link": "/home/thiccaxe/.local/share/pnpm/store/v3/tmp/dlx-15992/node_modules/.pnpm/node_modules/core-util-is"
  },
  "328 debug pnpm:link": {
    "target": "/home/thiccaxe/.local/share/pnpm/store/v3/tmp/dlx-15992/node_modules/.pnpm/esprima@4.0.1/node_modules/esprima",
    "link": "/home/thiccaxe/.local/share/pnpm/store/v3/tmp/dlx-15992/node_modules/.pnpm/node_modules/esprima"
  },
  "329 debug pnpm:link": {
    "target": "/home/thiccaxe/.local/share/pnpm/store/v3/tmp/dlx-15992/node_modules/.pnpm/has-own-prop@2.0.0/node_modules/has-own-prop",
    "link": "/home/thiccaxe/.local/share/pnpm/store/v3/tmp/dlx-15992/node_modules/.pnpm/node_modules/has-own-prop"
  },
  "330 debug pnpm:link": {
    "target": "/home/thiccaxe/.local/share/pnpm/store/v3/tmp/dlx-15992/node_modules/.pnpm/repeat-string@1.6.1/node_modules/repeat-string",
    "link": "/home/thiccaxe/.local/share/pnpm/store/v3/tmp/dlx-15992/node_modules/.pnpm/node_modules/repeat-string"
  },
  "331 debug pnpm:link": {
    "target": "/home/thiccaxe/.local/share/pnpm/store/v3/tmp/dlx-15992/node_modules/.pnpm/cross-spawn@7.0.3/node_modules/cross-spawn",
    "link": "/home/thiccaxe/.local/share/pnpm/store/v3/tmp/dlx-15992/node_modules/.pnpm/node_modules/cross-spawn"
  },
  "332 debug pnpm:link": {
    "target": "/home/thiccaxe/.local/share/pnpm/store/v3/tmp/dlx-15992/node_modules/.pnpm/get-stream@6.0.1/node_modules/get-stream",
    "link": "/home/thiccaxe/.local/share/pnpm/store/v3/tmp/dlx-15992/node_modules/.pnpm/node_modules/get-stream"
  },
  "333 debug pnpm:link": {
    "target": "/home/thiccaxe/.local/share/pnpm/store/v3/tmp/dlx-15992/node_modules/.pnpm/human-signals@3.0.1/node_modules/human-signals",
    "link": "/home/thiccaxe/.local/share/pnpm/store/v3/tmp/dlx-15992/node_modules/.pnpm/node_modules/human-signals"
  },
  "334 debug pnpm:link": {
    "target": "/home/thiccaxe/.local/share/pnpm/store/v3/tmp/dlx-15992/node_modules/.pnpm/is-stream@3.0.0/node_modules/is-stream",
    "link": "/home/thiccaxe/.local/share/pnpm/store/v3/tmp/dlx-15992/node_modules/.pnpm/node_modules/is-stream"
  },
  "335 debug pnpm:link": {
    "target": "/home/thiccaxe/.local/share/pnpm/store/v3/tmp/dlx-15992/node_modules/.pnpm/merge-stream@2.0.0/node_modules/merge-stream",
    "link": "/home/thiccaxe/.local/share/pnpm/store/v3/tmp/dlx-15992/node_modules/.pnpm/node_modules/merge-stream"
  },
  "336 debug pnpm:link": {
    "target": "/home/thiccaxe/.local/share/pnpm/store/v3/tmp/dlx-15992/node_modules/.pnpm/npm-run-path@5.1.0/node_modules/npm-run-path",
    "link": "/home/thiccaxe/.local/share/pnpm/store/v3/tmp/dlx-15992/node_modules/.pnpm/node_modules/npm-run-path"
  },
  "337 debug pnpm:link": {
    "target": "/home/thiccaxe/.local/share/pnpm/store/v3/tmp/dlx-15992/node_modules/.pnpm/onetime@6.0.0/node_modules/onetime",
    "link": "/home/thiccaxe/.local/share/pnpm/store/v3/tmp/dlx-15992/node_modules/.pnpm/node_modules/onetime"
  },
  "338 debug pnpm:link": {
    "target": "/home/thiccaxe/.local/share/pnpm/store/v3/tmp/dlx-15992/node_modules/.pnpm/signal-exit@3.0.7/node_modules/signal-exit",
    "link": "/home/thiccaxe/.local/share/pnpm/store/v3/tmp/dlx-15992/node_modules/.pnpm/node_modules/signal-exit"
  },
  "339 debug pnpm:link": {
    "target": "/home/thiccaxe/.local/share/pnpm/store/v3/tmp/dlx-15992/node_modules/.pnpm/strip-final-newline@3.0.0/node_modules/strip-final-newline",
    "link": "/home/thiccaxe/.local/share/pnpm/store/v3/tmp/dlx-15992/node_modules/.pnpm/node_modules/strip-final-newline"
  },
  "340 debug pnpm:link": {
    "target": "/home/thiccaxe/.local/share/pnpm/store/v3/tmp/dlx-15992/node_modules/.pnpm/bl@5.1.0/node_modules/bl",
    "link": "/home/thiccaxe/.local/share/pnpm/store/v3/tmp/dlx-15992/node_modules/.pnpm/node_modules/bl"
  },
  "341 debug pnpm:link": {
    "target": "/home/thiccaxe/.local/share/pnpm/store/v3/tmp/dlx-15992/node_modules/.pnpm/cli-cursor@4.0.0/node_modules/cli-cursor",
    "link": "/home/thiccaxe/.local/share/pnpm/store/v3/tmp/dlx-15992/node_modules/.pnpm/node_modules/cli-cursor"
  },
  "342 debug pnpm:link": {
    "target": "/home/thiccaxe/.local/share/pnpm/store/v3/tmp/dlx-15992/node_modules/.pnpm/cli-spinners@2.7.0/node_modules/cli-spinners",
    "link": "/home/thiccaxe/.local/share/pnpm/store/v3/tmp/dlx-15992/node_modules/.pnpm/node_modules/cli-spinners"
  },
  "343 debug pnpm:link": {
    "target": "/home/thiccaxe/.local/share/pnpm/store/v3/tmp/dlx-15992/node_modules/.pnpm/is-interactive@2.0.0/node_modules/is-interactive",
    "link": "/home/thiccaxe/.local/share/pnpm/store/v3/tmp/dlx-15992/node_modules/.pnpm/node_modules/is-interactive"
  },
  "344 debug pnpm:link": {
    "target": "/home/thiccaxe/.local/share/pnpm/store/v3/tmp/dlx-15992/node_modules/.pnpm/is-unicode-supported@1.3.0/node_modules/is-unicode-supported",
    "link": "/home/thiccaxe/.local/share/pnpm/store/v3/tmp/dlx-15992/node_modules/.pnpm/node_modules/is-unicode-supported"
  },
  "345 debug pnpm:link": {
    "target": "/home/thiccaxe/.local/share/pnpm/store/v3/tmp/dlx-15992/node_modules/.pnpm/log-symbols@5.1.0/node_modules/log-symbols",
    "link": "/home/thiccaxe/.local/share/pnpm/store/v3/tmp/dlx-15992/node_modules/.pnpm/node_modules/log-symbols"
  },
  "346 debug pnpm:link": {
    "target": "/home/thiccaxe/.local/share/pnpm/store/v3/tmp/dlx-15992/node_modules/.pnpm/wcwidth@1.0.1/node_modules/wcwidth",
    "link": "/home/thiccaxe/.local/share/pnpm/store/v3/tmp/dlx-15992/node_modules/.pnpm/node_modules/wcwidth"
  },
  "347 debug pnpm:link": {
    "target": "/home/thiccaxe/.local/share/pnpm/store/v3/tmp/dlx-15992/node_modules/.pnpm/sisteransi@1.0.5/node_modules/sisteransi",
    "link": "/home/thiccaxe/.local/share/pnpm/store/v3/tmp/dlx-15992/node_modules/.pnpm/node_modules/sisteransi"
  },
  "348 debug pnpm:link": {
    "target": "/home/thiccaxe/.local/share/pnpm/store/v3/tmp/dlx-15992/node_modules/.pnpm/ansi-regex@6.0.1/node_modules/ansi-regex",
    "link": "/home/thiccaxe/.local/share/pnpm/store/v3/tmp/dlx-15992/node_modules/.pnpm/node_modules/ansi-regex"
  },
  "349 debug pnpm:link": {
    "target": "/home/thiccaxe/.local/share/pnpm/store/v3/tmp/dlx-15992/node_modules/.pnpm/buffer@6.0.3/node_modules/buffer",
    "link": "/home/thiccaxe/.local/share/pnpm/store/v3/tmp/dlx-15992/node_modules/.pnpm/node_modules/buffer"
  },
  "350 debug pnpm:link": {
    "target": "/home/thiccaxe/.local/share/pnpm/store/v3/tmp/dlx-15992/node_modules/.pnpm/inherits@2.0.4/node_modules/inherits",
    "link": "/home/thiccaxe/.local/share/pnpm/store/v3/tmp/dlx-15992/node_modules/.pnpm/node_modules/inherits"
  },
  "351 debug pnpm:link": {
    "target": "/home/thiccaxe/.local/share/pnpm/store/v3/tmp/dlx-15992/node_modules/.pnpm/readable-stream@3.6.0/node_modules/readable-stream",
    "link": "/home/thiccaxe/.local/share/pnpm/store/v3/tmp/dlx-15992/node_modules/.pnpm/node_modules/readable-stream"
  },
  "352 debug pnpm:link": {
    "target": "/home/thiccaxe/.local/share/pnpm/store/v3/tmp/dlx-15992/node_modules/.pnpm/restore-cursor@4.0.0/node_modules/restore-cursor",
    "link": "/home/thiccaxe/.local/share/pnpm/store/v3/tmp/dlx-15992/node_modules/.pnpm/node_modules/restore-cursor"
  },
  "353 debug pnpm:link": {
    "target": "/home/thiccaxe/.local/share/pnpm/store/v3/tmp/dlx-15992/node_modules/.pnpm/path-key@3.1.1/node_modules/path-key",
    "link": "/home/thiccaxe/.local/share/pnpm/store/v3/tmp/dlx-15992/node_modules/.pnpm/node_modules/path-key"
  },
  "354 debug pnpm:link": {
    "target": "/home/thiccaxe/.local/share/pnpm/store/v3/tmp/dlx-15992/node_modules/.pnpm/shebang-command@2.0.0/node_modules/shebang-command",
    "link": "/home/thiccaxe/.local/share/pnpm/store/v3/tmp/dlx-15992/node_modules/.pnpm/node_modules/shebang-command"
  },
  "355 debug pnpm:link": {
    "target": "/home/thiccaxe/.local/share/pnpm/store/v3/tmp/dlx-15992/node_modules/.pnpm/which@2.0.2/node_modules/which",
    "link": "/home/thiccaxe/.local/share/pnpm/store/v3/tmp/dlx-15992/node_modules/.pnpm/node_modules/which"
  },
  "356 debug pnpm:link": {
    "target": "/home/thiccaxe/.local/share/pnpm/store/v3/tmp/dlx-15992/node_modules/.pnpm/mimic-fn@4.0.0/node_modules/mimic-fn",
    "link": "/home/thiccaxe/.local/share/pnpm/store/v3/tmp/dlx-15992/node_modules/.pnpm/node_modules/mimic-fn"
  },
  "357 debug pnpm:link": {
    "target": "/home/thiccaxe/.local/share/pnpm/store/v3/tmp/dlx-15992/node_modules/.pnpm/defaults@1.0.4/node_modules/defaults",
    "link": "/home/thiccaxe/.local/share/pnpm/store/v3/tmp/dlx-15992/node_modules/.pnpm/node_modules/defaults"
  },
  "358 debug pnpm:link": {
    "target": "/home/thiccaxe/.local/share/pnpm/store/v3/tmp/dlx-15992/node_modules/.pnpm/base64-js@1.5.1/node_modules/base64-js",
    "link": "/home/thiccaxe/.local/share/pnpm/store/v3/tmp/dlx-15992/node_modules/.pnpm/node_modules/base64-js"
  },
  "359 debug pnpm:link": {
    "target": "/home/thiccaxe/.local/share/pnpm/store/v3/tmp/dlx-15992/node_modules/.pnpm/ieee754@1.2.1/node_modules/ieee754",
    "link": "/home/thiccaxe/.local/share/pnpm/store/v3/tmp/dlx-15992/node_modules/.pnpm/node_modules/ieee754"
  },
  "360 debug pnpm:link": {
    "target": "/home/thiccaxe/.local/share/pnpm/store/v3/tmp/dlx-15992/node_modules/.pnpm/clone@1.0.4/node_modules/clone",
    "link": "/home/thiccaxe/.local/share/pnpm/store/v3/tmp/dlx-15992/node_modules/.pnpm/node_modules/clone"
  },
  "361 debug pnpm:link": {
    "target": "/home/thiccaxe/.local/share/pnpm/store/v3/tmp/dlx-15992/node_modules/.pnpm/string_decoder@1.3.0/node_modules/string_decoder",
    "link": "/home/thiccaxe/.local/share/pnpm/store/v3/tmp/dlx-15992/node_modules/.pnpm/node_modules/string_decoder"
  },
  "362 debug pnpm:link": {
    "target": "/home/thiccaxe/.local/share/pnpm/store/v3/tmp/dlx-15992/node_modules/.pnpm/util-deprecate@1.0.2/node_modules/util-deprecate",
    "link": "/home/thiccaxe/.local/share/pnpm/store/v3/tmp/dlx-15992/node_modules/.pnpm/node_modules/util-deprecate"
  },
  "363 debug pnpm:link": {
    "target": "/home/thiccaxe/.local/share/pnpm/store/v3/tmp/dlx-15992/node_modules/.pnpm/shebang-regex@3.0.0/node_modules/shebang-regex",
    "link": "/home/thiccaxe/.local/share/pnpm/store/v3/tmp/dlx-15992/node_modules/.pnpm/node_modules/shebang-regex"
  },
  "364 debug pnpm:link": {
    "target": "/home/thiccaxe/.local/share/pnpm/store/v3/tmp/dlx-15992/node_modules/.pnpm/isexe@2.0.0/node_modules/isexe",
    "link": "/home/thiccaxe/.local/share/pnpm/store/v3/tmp/dlx-15992/node_modules/.pnpm/node_modules/isexe"
  },
  "365 debug pnpm:link": {
    "target": "/home/thiccaxe/.local/share/pnpm/store/v3/tmp/dlx-15992/node_modules/.pnpm/safe-buffer@5.2.1/node_modules/safe-buffer",
    "link": "/home/thiccaxe/.local/share/pnpm/store/v3/tmp/dlx-15992/node_modules/.pnpm/node_modules/safe-buffer"
  },
  "366 debug pnpm:summary": {
    "prefix": "/home/thiccaxe/.local/share/pnpm/store/v3/tmp/dlx-15992"
  },
  "367 error pnpm": {
    "shortMessage": "Command failed with exit code 1: /home/thiccaxe/.local/share/pnpm/store/v3/tmp/dlx-15992/node_modules/.bin/create-astro",
    "command": "/home/thiccaxe/.local/share/pnpm/store/v3/tmp/dlx-15992/node_modules/.bin/create-astro",
    "escapedCommand": "\"/home/thiccaxe/.local/share/pnpm/store/v3/tmp/dlx-15992/node_modules/.bin/create-astro\"",
    "exitCode": 1,
    "failed": true,
    "timedOut": false,
    "isCanceled": false,
    "killed": false,
    "err": {
      "name": "pnpm",
      "message": "Command failed with exit code 1: /home/thiccaxe/.local/share/pnpm/store/v3/tmp/dlx-15992/node_modules/.bin/create-astro",
      "stack": "pnpm: Command failed with exit code 1: /home/thiccaxe/.local/share/pnpm/store/v3/tmp/dlx-15992/node_modules/.bin/create-astro\n    at makeError (/home/thiccaxe/.local/share/pnpm/nodejs/16.14.0/pnpm-global/5/node_modules/.pnpm/pnpm@7.2.1/node_modules/pnpm/dist/pnpm.cjs:42676:17)\n    at handlePromise (/home/thiccaxe/.local/share/pnpm/nodejs/16.14.0/pnpm-global/5/node_modules/.pnpm/pnpm@7.2.1/node_modules/pnpm/dist/pnpm.cjs:43247:33)\n    at processTicksAndRejections (node:internal/process/task_queues:96:5)\n    at async Object.handler (/home/thiccaxe/.local/share/pnpm/nodejs/16.14.0/pnpm-global/5/node_modules/.pnpm/pnpm@7.2.1/node_modules/pnpm/dist/pnpm.cjs:178176:7)\n    at async /home/thiccaxe/.local/share/pnpm/nodejs/16.14.0/pnpm-global/5/node_modules/.pnpm/pnpm@7.2.1/node_modules/pnpm/dist/pnpm.cjs:186810:21\n    at async run (/home/thiccaxe/.local/share/pnpm/nodejs/16.14.0/pnpm-global/5/node_modules/.pnpm/pnpm@7.2.1/node_modules/pnpm/dist/pnpm.cjs:186784:34)\n    at async runPnpm (/home/thiccaxe/.local/share/pnpm/nodejs/16.14.0/pnpm-global/5/node_modules/.pnpm/pnpm@7.2.1/node_modules/pnpm/dist/pnpm.cjs:187002:5)\n    at async /home/thiccaxe/.local/share/pnpm/nodejs/16.14.0/pnpm-global/5/node_modules/.pnpm/pnpm@7.2.1/node_modules/pnpm/dist/pnpm.cjs:186994:7"
    }
  }
}